03-09 15:06:41.119  5312  5312 D PresenceDiscovery: TARGET_MATCH addr=7D:5C:1C:B1:71:AF rssi=-61 uuids=7d3a2d6b-9b7a-4f2a-9e5e-0c9d6f1b1c01
03-09 15:06:41.119  5312  5312 E PresenceDiscovery: PP_DISCOVERY TARGET_MATCH addr=7D:5C:1C:B1:71:AF name=Josko's S21 Ultra rssi=-61 uuids=7d3a2d6b-9b7a-4f2a-9e5e-0c9d6f1b1c01
03-09 15:06:41.134  5312  5312 D PresenceDiscovery: TARGET_MATCH addr=4D:52:D4:C8:4E:A2 rssi=-61 uuids=7d3a2d6b-9b7a-4f2a-9e5e-0c9d6f1b1c01
03-09 15:06:41.134  5312  5312 E PresenceDiscovery: PP_DISCOVERY TARGET_MATCH addr=4D:52:D4:C8:4E:A2 name=null rssi=-61 uuids=7d3a2d6b-9b7a-4f2a-9e5e-0c9d6f1b1c01
03-09 15:06:41.260  5312  5312 D PresenceDiscovery: TARGET_MATCH addr=4D:52:D4:C8:4E:A2 rssi=-54 uuids=7d3a2d6b-9b7a-4f2a-9e5e-0c9d6f1b1c01
03-09 15:06:41.266  5312  5312 D PresenceDiscovery: TARGET_MATCH addr=7D:5C:1C:B1:71:AF rssi=-54 uuids=7d3a2d6b-9b7a-4f2a-9e5e-0c9d6f1b1c01
03-09 15:06:41.528  5312  5312 D PresenceDiscovery: TARGET_MATCH addr=4D:52:D4:C8:4E:A2 rssi=-60 uuids=7d3a2d6b-9b7a-4f2a-9e5e-0c9d6f1b1c01
03-09 15:06:41.547  5312  5312 D PresenceDiscovery: TARGET_MATCH addr=7D:5C:1C:B1:71:AF rssi=-60 uuids=7d3a2d6b-9b7a-4f2a-9e5e-0c9d6f1b1c01
03-09 15:06:41.673  5312  5312 D PresenceDiscovery: TARGET_MATCH addr=4D:52:D4:C8:4E:A2 rssi=-64 uuids=7d3a2d6b-9b7a-4f2a-9e5e-0c9d6f1b1c01
03-09 15:06:41.687  5312  5312 D PresenceDiscovery: TARGET_MATCH addr=7D:5C:1C:B1:71:AF rssi=-66 uuids=7d3a2d6b-9b7a-4f2a-9e5e-0c9d6f1b1c01
03-09 15:06:41.809  5312  5312 D PresenceDiscovery: TARGET_MATCH addr=4D:52:D4:C8:4E:A2 rssi=-53 uuids=7d3a2d6b-9b7a-4f2a-9e5e-0c9d6f1b1c01
03-09 15:06:41.814  5312  5312 D PresenceDiscovery: TARGET_MATCH addr=7D:5C:1C:B1:71:AF rssi=-53 uuids=7d3a2d6b-9b7a-4f2a-9e5e-0c9d6f1b1c01
03-09 15:06:41.866  5312  5325 D PresenceGattClient: REPLY_RX addr=7D:5C:1C:B1:71:AF bytes=20
03-09 15:06:41.870  5312  5325 E PresenceHandshake: PP_HANDSHAKE HANDSHAKE_COMPLETE peer=7D:5C:1C:B1:71:AF
03-09 15:06:41.874  5312  5325 E PresenceHandshake: PP_HANDSHAKE DEVICE_B_SIGNATURE peer=7D:5C:1C:B1:71:AF value=MEUCIE7MzuqwKps1izBVhcQRG6xySqtil7heqmusx3X5OBW6AiEAunB6+PaXMjST0Y1fZEoMEKKNov20YRHKjfsTq/sONxw=
03-09 15:06:41.875  5312  5325 E PresenceHandshake: PP_TICKET GENERATED encounterId=f831efae-89f2-4155-9d07-7b980f8b2788 peer=7D:5C:1C:B1:71:AF
03-09 15:06:41.875  5312  5325 E PresenceHandshake: PP_TICKET JSON {"encounterId":"f831efae-89f2-4155-9d07-7b980f8b2788","deviceAEphemeralKey":"MFkwEwYHKoZIzj0CAQYIKoZIzj0DAQcDQgAEgJWvPbKVX71v3DMc6YaSwRLOeaZu03ioSJsYn4lsXWxN5NIOzV6L+trGR0mqqc1N2gxStLglrcaY9zzFbvEnAA==","deviceBEphemeralKey":"7D:5C:1C:B1:71:AF","helloHash":"63f84d22578dee1427958c15da9e8ee320b693de0966031c30bb18ff6f093664","replyHash":"7c03b6b0eb613bc68e3954a13f1dc88a4d09135a82c53cbf65c1261ea8f831dd","handshakeTimestamp":1773022001874,"nonce":"775255c2-893b-4299-82be-8511c173b1cb","protocolVersion":"presence_v1","appVersion":"0.1-both","deviceASignature":"MEQCIDz1SQ/Tx2wMlXUBkv0fQZeD77QuhpO9pAjwq028Q1XcAiAqzY4rvIib21BjKMV86TSMM+o1lMo6hWJ1ottA9HC7Kw==","deviceBSignature":"MEUCIE7MzuqwKps1izBVhcQRG6xySqtil7heqmusx3X5OBW6AiEAunB6+PaXMjST0Y1fZEoMEKKNov20YRHKjfsTq/sONxw="}
03-09 15:06:42.090  5312  5312 D PresenceDiscovery: TARGET_MATCH addr=7D:5C:1C:B1:71:AF rssi=-55 uuids=7d3a2d6b-9b7a-4f2a-9e5e-0c9d6f1b1c01
03-09 15:06:42.233  5312  5312 D PresenceDiscovery: TARGET_MATCH addr=7D:5C:1C:B1:71:AF rssi=-56 uuids=7d3a2d6b-9b7a-4f2a-9e5e-0c9d6f1b1c01
03-09 15:06:42.367  5312  5312 D PresenceDiscovery: TARGET_MATCH addr=7D:5C:1C:B1:71:AF rssi=-57 uuids=7d3a2d6b-9b7a-4f2a-9e5e-0c9d6f1b1c01
03-09 15:06:42.503  5312  5312 D PresenceDiscovery: TARGET_MATCH addr=7D:5C:1C:B1:71:AF rssi=-55 uuids=7d3a2d6b-9b7a-4f2a-9e5e-0c9d6f1b1c01
03-09 15:06:42.513  5312  5312 D PresenceDiscovery: TARGET_MATCH addr=4D:52:D4:C8:4E:A2 rssi=-56 uuids=7d3a2d6b-9b7a-4f2a-9e5e-0c9d6f1b1c01
03-09 15:06:43.051  5312  5312 D PresenceDiscovery: TARGET_MATCH addr=7D:5C:1C:B1:71:AF rssi=-59 uuids=7d3a2d6b-9b7a-4f2a-9e5e-0c9d6f1b1c01
03-09 15:06:43.070  5312  5312 D PresenceDiscovery: TARGET_MATCH addr=4D:52:D4:C8:4E:A2 rssi=-56 uuids=7d3a2d6b-9b7a-4f2a-9e5e-0c9d6f1b1c01
03-09 15:06:43.189  5312  5312 D PresenceDiscovery: TARGET_MATCH addr=7D:5C:1C:B1:71:AF rssi=-56 uuids=7d3a2d6b-9b7a-4f2a-9e5e-0c9d6f1b1c01
03-09 15:06:43.319  5312  5312 D PresenceDiscovery: TARGET_MATCH addr=7D:5C:1C:B1:71:AF rssi=-56 uuids=7d3a2d6b-9b7a-4f2a-9e5e-0c9d6f1b1c01
03-09 15:06:43.332  5312  5312 D PresenceDiscovery: TARGET_MATCH addr=4D:52:D4:C8:4E:A2 rssi=-56 uuids=7d3a2d6b-9b7a-4f2a-9e5e-0c9d6f1b1c01
03-09 15:06:43.464  5312  5312 D PresenceDiscovery: TARGET_MATCH addr=7D:5C:1C:B1:71:AF rssi=-59 uuids=7d3a2d6b-9b7a-4f2a-9e5e-0c9d6f1b1c01
03-09 15:06:43.613  5312  5312 D PresenceDiscovery: TARGET_MATCH addr=4D:52:D4:C8:4E:A2 rssi=-56 uuids=7d3a2d6b-9b7a-4f2a-9e5e-0c9d6f1b1c01
03-09 15:06:43.748  5312  5312 D PresenceDiscovery: TARGET_MATCH addr=4D:52:D4:C8:4E:A2 rssi=-58 uuids=7d3a2d6b-9b7a-4f2a-9e5e-0c9d6f1b1c01
03-09 15:06:43.768  5312  5327 D PresenceGattClient: HELLO_TX addr=4D:52:D4:C8:4E:A2 status=0 bytes=4
03-09 15:06:43.870  5312  5312 D PresenceDiscovery: TARGET_MATCH addr=7D:5C:1C:B1:71:AF rssi=-58 uuids=7d3a2d6b-9b7a-4f2a-9e5e-0c9d6f1b1c01
03-09 15:06:43.877  5312  5312 D PresenceDiscovery: TARGET_MATCH addr=4D:52:D4:C8:4E:A2 rssi=-55 uuids=7d3a2d6b-9b7a-4f2a-9e5e-0c9d6f1b1c01
03-09 15:06:44.132  5312  5312 D PresenceDiscovery: TARGET_MATCH addr=7D:5C:1C:B1:71:AF rssi=-58 uuids=7d3a2d6b-9b7a-4f2a-9e5e-0c9d6f1b1c01
03-09 15:06:44.154  5312  5312 D PresenceDiscovery: TARGET_MATCH addr=4D:52:D4:C8:4E:A2 rssi=-56 uuids=7d3a2d6b-9b7a-4f2a-9e5e-0c9d6f1b1c01
03-09 15:06:44.287  5312  5312 D PresenceDiscovery: TARGET_MATCH addr=4D:52:D4:C8:4E:A2 rssi=-58 uuids=7d3a2d6b-9b7a-4f2a-9e5e-0c9d6f1b1c01
03-09 15:06:44.416  5312  5312 D PresenceDiscovery: TARGET_MATCH addr=4D:52:D4:C8:4E:A2 rssi=-55 uuids=7d3a2d6b-9b7a-4f2a-9e5e-0c9d6f1b1c01
03-09 15:06:44.555  5312  5312 D PresenceDiscovery: TARGET_MATCH addr=7D:5C:1C:B1:71:AF rssi=-55 uuids=7d3a2d6b-9b7a-4f2a-9e5e-0c9d6f1b1c01
03-09 15:06:44.692  5312  5312 D PresenceDiscovery: TARGET_MATCH addr=7D:5C:1C:B1:71:AF rssi=-57 uuids=7d3a2d6b-9b7a-4f2a-9e5e-0c9d6f1b1c01
03-09 15:06:44.701  5312  5312 D PresenceDiscovery: TARGET_MATCH addr=4D:52:D4:C8:4E:A2 rssi=-56 uuids=7d3a2d6b-9b7a-4f2a-9e5e-0c9d6f1b1c01
03-09 15:06:44.829  5312  5312 D PresenceDiscovery: TARGET_MATCH addr=7D:5C:1C:B1:71:AF rssi=-57 uuids=7d3a2d6b-9b7a-4f2a-9e5e-0c9d6f1b1c01
03-09 15:06:44.835  5312  5312 D PresenceDiscovery: TARGET_MATCH addr=4D:52:D4:C8:4E:A2 rssi=-57 uuids=7d3a2d6b-9b7a-4f2a-9e5e-0c9d6f1b1c01
03-09 15:06:44.971  5312  5312 D PresenceDiscovery: TARGET_MATCH addr=7D:5C:1C:B1:71:AF rssi=-57 uuids=7d3a2d6b-9b7a-4f2a-9e5e-0c9d6f1b1c01
03-09 15:06:45.102  5312  5312 D PresenceDiscovery: TARGET_MATCH addr=7D:5C:1C:B1:71:AF rssi=-57 uuids=7d3a2d6b-9b7a-4f2a-9e5e-0c9d6f1b1c01
03-09 15:06:45.108  5312  5312 D PresenceDiscovery: TARGET_MATCH addr=4D:52:D4:C8:4E:A2 rssi=-57 uuids=7d3a2d6b-9b7a-4f2a-9e5e-0c9d6f1b1c01
03-09 15:06:45.232  5312  5312 D PresenceDiscovery: TARGET_MATCH addr=4D:52:D4:C8:4E:A2 rssi=-58 uuids=7d3a2d6b-9b7a-4f2a-9e5e-0c9d6f1b1c01
03-09 15:06:45.379  5312  5312 D PresenceDiscovery: TARGET_MATCH addr=7D:5C:1C:B1:71:AF rssi=-55 uuids=7d3a2d6b-9b7a-4f2a-9e5e-0c9d6f1b1c01
03-09 15:06:45.384  5312  5312 D PresenceDiscovery: TARGET_MATCH addr=4D:52:D4:C8:4E:A2 rssi=-55 uuids=7d3a2d6b-9b7a-4f2a-9e5e-0c9d6f1b1c01
03-09 15:06:45.643  5312  5312 D PresenceDiscovery: TARGET_MATCH addr=7D:5C:1C:B1:71:AF rssi=-58 uuids=7d3a2d6b-9b7a-4f2a-9e5e-0c9d6f1b1c01
03-09 15:06:45.787  5312  5312 D PresenceDiscovery: TARGET_MATCH addr=4D:52:D4:C8:4E:A2 rssi=-58 uuids=7d3a2d6b-9b7a-4f2a-9e5e-0c9d6f1b1c01
03-09 15:06:45.912  5312  5312 D PresenceDiscovery: TARGET_MATCH addr=7D:5C:1C:B1:71:AF rssi=-55 uuids=7d3a2d6b-9b7a-4f2a-9e5e-0c9d6f1b1c01
03-09 15:06:45.924  5312  5312 D PresenceDiscovery: TARGET_MATCH addr=4D:52:D4:C8:4E:A2 rssi=-57 uuids=7d3a2d6b-9b7a-4f2a-9e5e-0c9d6f1b1c01
03-09 15:06:46.068  5312  5312 D PresenceDiscovery: TARGET_MATCH addr=4D:52:D4:C8:4E:A2 rssi=-59 uuids=7d3a2d6b-9b7a-4f2a-9e5e-0c9d6f1b1c01
03-09 15:06:46.204  5312  5312 D PresenceDiscovery: TARGET_MATCH addr=4D:52:D4:C8:4E:A2 rssi=-56 uuids=7d3a2d6b-9b7a-4f2a-9e5e-0c9d6f1b1c01
03-09 15:06:46.324  5312  5312 D PresenceDiscovery: TARGET_MATCH addr=7D:5C:1C:B1:71:AF rssi=-57 uuids=7d3a2d6b-9b7a-4f2a-9e5e-0c9d6f1b1c01
03-09 15:06:46.338  5312  5312 D PresenceDiscovery: TARGET_MATCH addr=4D:52:D4:C8:4E:A2 rssi=-57 uuids=7d3a2d6b-9b7a-4f2a-9e5e-0c9d6f1b1c01
03-09 15:06:46.472  5312  5312 D PresenceDiscovery: TARGET_MATCH addr=7D:5C:1C:B1:71:AF rssi=-58 uuids=7d3a2d6b-9b7a-4f2a-9e5e-0c9d6f1b1c01
03-09 15:06:46.615  5312  5312 D PresenceDiscovery: TARGET_MATCH addr=4D:52:D4:C8:4E:A2 rssi=-57 uuids=7d3a2d6b-9b7a-4f2a-9e5e-0c9d6f1b1c01
03-09 15:06:46.741  5312  5312 D PresenceDiscovery: TARGET_MATCH addr=7D:5C:1C:B1:71:AF rssi=-56 uuids=7d3a2d6b-9b7a-4f2a-9e5e-0c9d6f1b1c01
03-09 15:06:46.753  5312  5312 D PresenceDiscovery: TARGET_MATCH addr=4D:52:D4:C8:4E:A2 rssi=-56 uuids=7d3a2d6b-9b7a-4f2a-9e5e-0c9d6f1b1c01
03-09 15:06:46.876  5312  5312 D PresenceDiscovery: TARGET_MATCH addr=7D:5C:1C:B1:71:AF rssi=-58 uuids=7d3a2d6b-9b7a-4f2a-9e5e-0c9d6f1b1c01
03-09 15:06:47.005  5312  5312 D PresenceDiscovery: TARGET_MATCH addr=7D:5C:1C:B1:71:AF rssi=-56 uuids=7d3a2d6b-9b7a-4f2a-9e5e-0c9d6f1b1c01
03-09 15:06:47.025  5312  5312 D PresenceDiscovery: TARGET_MATCH addr=4D:52:D4:C8:4E:A2 rssi=-55 uuids=7d3a2d6b-9b7a-4f2a-9e5e-0c9d6f1b1c01
03-09 15:06:47.142  5312  5312 D PresenceDiscovery: TARGET_MATCH addr=7D:5C:1C:B1:71:AF rssi=-58 uuids=7d3a2d6b-9b7a-4f2a-9e5e-0c9d6f1b1c01
03-09 15:06:47.160  5312  5312 D PresenceDiscovery: TARGET_MATCH addr=4D:52:D4:C8:4E:A2 rssi=-58 uuids=7d3a2d6b-9b7a-4f2a-9e5e-0c9d6f1b1c01
03-09 15:06:47.280  5312  5312 D PresenceDiscovery: TARGET_MATCH addr=7D:5C:1C:B1:71:AF rssi=-55 uuids=7d3a2d6b-9b7a-4f2a-9e5e-0c9d6f1b1c01
03-09 15:06:47.296  5312  5312 D PresenceDiscovery: TARGET_MATCH addr=4D:52:D4:C8:4E:A2 rssi=-56 uuids=7d3a2d6b-9b7a-4f2a-9e5e-0c9d6f1b1c01
03-09 15:06:47.436  5312  5312 D PresenceDiscovery: TARGET_MATCH addr=4D:52:D4:C8:4E:A2 rssi=-58 uuids=7d3a2d6b-9b7a-4f2a-9e5e-0c9d6f1b1c01
03-09 15:06:47.546  5312  5312 D PresenceDiscovery: TARGET_MATCH addr=7D:5C:1C:B1:71:AF rssi=-56 uuids=7d3a2d6b-9b7a-4f2a-9e5e-0c9d6f1b1c01
03-09 15:06:47.579  5312  5312 D PresenceDiscovery: TARGET_MATCH addr=4D:52:D4:C8:4E:A2 rssi=-56 uuids=7d3a2d6b-9b7a-4f2a-9e5e-0c9d6f1b1c01
03-09 15:06:47.715  5312  5312 D PresenceDiscovery: TARGET_MATCH addr=4D:52:D4:C8:4E:A2 rssi=-57 uuids=7d3a2d6b-9b7a-4f2a-9e5e-0c9d6f1b1c01
03-09 15:06:47.859  5312  5312 D PresenceDiscovery: TARGET_MATCH addr=4D:52:D4:C8:4E:A2 rssi=-56 uuids=7d3a2d6b-9b7a-4f2a-9e5e-0c9d6f1b1c01
03-09 15:06:47.950  5312  5312 D PresenceDiscovery: TARGET_MATCH addr=7D:5C:1C:B1:71:AF rssi=-56 uuids=7d3a2d6b-9b7a-4f2a-9e5e-0c9d6f1b1c01
03-09 15:06:47.995  5312  5312 D PresenceDiscovery: TARGET_MATCH addr=4D:52:D4:C8:4E:A2 rssi=-56 uuids=7d3a2d6b-9b7a-4f2a-9e5e-0c9d6f1b1c01
03-09 15:06:48.083  5312  5312 D PresenceDiscovery: TARGET_MATCH addr=7D:5C:1C:B1:71:AF rssi=-59 uuids=7d3a2d6b-9b7a-4f2a-9e5e-0c9d6f1b1c01
03-09 15:06:48.129  5312  5312 D PresenceDiscovery: TARGET_MATCH addr=4D:52:D4:C8:4E:A2 rssi=-59 uuids=7d3a2d6b-9b7a-4f2a-9e5e-0c9d6f1b1c01
03-09 15:06:48.220  5312  5312 D PresenceDiscovery: TARGET_MATCH addr=7D:5C:1C:B1:71:AF rssi=-57 uuids=7d3a2d6b-9b7a-4f2a-9e5e-0c9d6f1b1c01
03-09 15:06:48.264  5312  5312 D PresenceDiscovery: TARGET_MATCH addr=4D:52:D4:C8:4E:A2 rssi=-59 uuids=7d3a2d6b-9b7a-4f2a-9e5e-0c9d6f1b1c01
03-09 15:06:48.494  5312  5312 D PresenceDiscovery: TARGET_MATCH addr=7D:5C:1C:B1:71:AF rssi=-58 uuids=7d3a2d6b-9b7a-4f2a-9e5e-0c9d6f1b1c01
03-09 15:06:48.639  5312  5312 D PresenceDiscovery: TARGET_MATCH addr=7D:5C:1C:B1:71:AF rssi=-59 uuids=7d3a2d6b-9b7a-4f2a-9e5e-0c9d6f1b1c01
03-09 15:06:48.685  5312  5312 D PresenceDiscovery: TARGET_MATCH addr=4D:52:D4:C8:4E:A2 rssi=-59 uuids=7d3a2d6b-9b7a-4f2a-9e5e-0c9d6f1b1c01
03-09 15:06:48.773  5312  5312 D PresenceDiscovery: TARGET_MATCH addr=7D:5C:1C:B1:71:AF rssi=-59 uuids=7d3a2d6b-9b7a-4f2a-9e5e-0c9d6f1b1c01
03-09 15:06:48.810  5312  5312 D PresenceDiscovery: TARGET_MATCH addr=4D:52:D4:C8:4E:A2 rssi=-59 uuids=7d3a2d6b-9b7a-4f2a-9e5e-0c9d6f1b1c01
03-09 15:06:48.912  5312  5312 D PresenceDiscovery: TARGET_MATCH addr=7D:5C:1C:B1:71:AF rssi=-56 uuids=7d3a2d6b-9b7a-4f2a-9e5e-0c9d6f1b1c01
03-09 15:06:49.182  5312  5312 D PresenceDiscovery: TARGET_MATCH addr=7D:5C:1C:B1:71:AF rssi=-57 uuids=7d3a2d6b-9b7a-4f2a-9e5e-0c9d6f1b1c01
03-09 15:06:49.215  5312  5312 D PresenceDiscovery: TARGET_MATCH addr=4D:52:D4:C8:4E:A2 rssi=-58 uuids=7d3a2d6b-9b7a-4f2a-9e5e-0c9d6f1b1c01
03-09 15:06:49.317  5312  5312 D PresenceDiscovery: TARGET_MATCH addr=7D:5C:1C:B1:71:AF rssi=-57 uuids=7d3a2d6b-9b7a-4f2a-9e5e-0c9d6f1b1c01
03-09 15:06:49.349  5312  5312 D PresenceDiscovery: TARGET_MATCH addr=4D:52:D4:C8:4E:A2 rssi=-57 uuids=7d3a2d6b-9b7a-4f2a-9e5e-0c9d6f1b1c01
03-09 15:06:49.458  5312  5312 D PresenceDiscovery: TARGET_MATCH addr=7D:5C:1C:B1:71:AF rssi=-56 uuids=7d3a2d6b-9b7a-4f2a-9e5e-0c9d6f1b1c01
03-09 15:06:49.598  5312  5312 D PresenceDiscovery: TARGET_MATCH addr=7D:5C:1C:B1:71:AF rssi=-57 uuids=7d3a2d6b-9b7a-4f2a-9e5e-0c9d6f1b1c01
03-09 15:06:49.731  5312  5312 D PresenceDiscovery: TARGET_MATCH addr=7D:5C:1C:B1:71:AF rssi=-56 uuids=7d3a2d6b-9b7a-4f2a-9e5e-0c9d6f1b1c01
03-09 15:06:49.759  5312  5312 D PresenceDiscovery: TARGET_MATCH addr=4D:52:D4:C8:4E:A2 rssi=-58 uuids=7d3a2d6b-9b7a-4f2a-9e5e-0c9d6f1b1c01
03-09 15:06:49.865  5312  5312 D PresenceDiscovery: TARGET_MATCH addr=7D:5C:1C:B1:71:AF rssi=-57 uuids=7d3a2d6b-9b7a-4f2a-9e5e-0c9d6f1b1c01
03-09 15:06:50.005  5312  5312 D PresenceDiscovery: TARGET_MATCH addr=7D:5C:1C:B1:71:AF rssi=-55 uuids=7d3a2d6b-9b7a-4f2a-9e5e-0c9d6f1b1c01
03-09 15:06:50.024  5312  5312 D PresenceDiscovery: TARGET_MATCH addr=4D:52:D4:C8:4E:A2 rssi=-55 uuids=7d3a2d6b-9b7a-4f2a-9e5e-0c9d6f1b1c01
03-09 15:06:50.268  5312  5312 D PresenceDiscovery: TARGET_MATCH addr=7D:5C:1C:B1:71:AF rssi=-55 uuids=7d3a2d6b-9b7a-4f2a-9e5e-0c9d6f1b1c01
03-09 15:06:50.298  5312  5312 D PresenceDiscovery: TARGET_MATCH addr=4D:52:D4:C8:4E:A2 rssi=-57 uuids=7d3a2d6b-9b7a-4f2a-9e5e-0c9d6f1b1c01
03-09 15:06:50.408  5312  5312 D PresenceDiscovery: TARGET_MATCH addr=7D:5C:1C:B1:71:AF rssi=-57 uuids=7d3a2d6b-9b7a-4f2a-9e5e-0c9d6f1b1c01
03-09 15:06:50.548  5312  5312 D PresenceDiscovery: TARGET_MATCH addr=7D:5C:1C:B1:71:AF rssi=-55 uuids=7d3a2d6b-9b7a-4f2a-9e5e-0c9d6f1b1c01
03-09 15:06:50.577  5312  5312 D PresenceDiscovery: TARGET_MATCH addr=4D:52:D4:C8:4E:A2 rssi=-55 uuids=7d3a2d6b-9b7a-4f2a-9e5e-0c9d6f1b1c01
03-09 15:06:50.680  5312  5312 D PresenceDiscovery: TARGET_MATCH addr=7D:5C:1C:B1:71:AF rssi=-55 uuids=7d3a2d6b-9b7a-4f2a-9e5e-0c9d6f1b1c01
03-09 15:06:50.713  5312  5312 D PresenceDiscovery: TARGET_MATCH addr=4D:52:D4:C8:4E:A2 rssi=-57 uuids=7d3a2d6b-9b7a-4f2a-9e5e-0c9d6f1b1c01
03-09 15:06:50.814  5312  5312 D PresenceDiscovery: TARGET_MATCH addr=7D:5C:1C:B1:71:AF rssi=-60 uuids=7d3a2d6b-9b7a-4f2a-9e5e-0c9d6f1b1c01
03-09 15:06:50.848  5312  5312 D PresenceDiscovery: TARGET_MATCH addr=4D:52:D4:C8:4E:A2 rssi=-60 uuids=7d3a2d6b-9b7a-4f2a-9e5e-0c9d6f1b1c01
03-09 15:06:50.949  5312  5312 D PresenceDiscovery: TARGET_MATCH addr=7D:5C:1C:B1:71:AF rssi=-60 uuids=7d3a2d6b-9b7a-4f2a-9e5e-0c9d6f1b1c01
03-09 15:06:50.980  5312  5312 D PresenceDiscovery: TARGET_MATCH addr=4D:52:D4:C8:4E:A2 rssi=-56 uuids=7d3a2d6b-9b7a-4f2a-9e5e-0c9d6f1b1c01
03-09 15:06:51.086  5312  5312 D PresenceDiscovery: TARGET_MATCH addr=7D:5C:1C:B1:71:AF rssi=-56 uuids=7d3a2d6b-9b7a-4f2a-9e5e-0c9d6f1b1c01
03-09 15:06:51.114  5312  5312 D PresenceDiscovery: TARGET_MATCH addr=4D:52:D4:C8:4E:A2 rssi=-56 uuids=7d3a2d6b-9b7a-4f2a-9e5e-0c9d6f1b1c01
03-09 15:06:51.143  5312  5312 D PresenceDiscovery: TARGET_MATCH addr=7D:5C:1C:B1:71:AF rssi=-60 uuids=7d3a2d6b-9b7a-4f2a-9e5e-0c9d6f1b1c01
03-09 15:06:51.149  5312  5312 D PresenceDiscovery: TARGET_MATCH addr=4D:52:D4:C8:4E:A2 rssi=-60 uuids=7d3a2d6b-9b7a-4f2a-9e5e-0c9d6f1b1c01
03-09 15:06:51.280  5312  5312 D PresenceDiscovery: TARGET_MATCH addr=4D:52:D4:C8:4E:A2 rssi=-60 uuids=7d3a2d6b-9b7a-4f2a-9e5e-0c9d6f1b1c01
03-09 15:06:51.416  5312  5312 D PresenceDiscovery: TARGET_MATCH addr=7D:5C:1C:B1:71:AF rssi=-60 uuids=7d3a2d6b-9b7a-4f2a-9e5e-0c9d6f1b1c01
03-09 15:06:51.688  5312  5312 D PresenceDiscovery: TARGET_MATCH addr=4D:52:D4:C8:4E:A2 rssi=-56 uuids=7d3a2d6b-9b7a-4f2a-9e5e-0c9d6f1b1c01
03-09 15:06:51.812  5312  5312 D PresenceDiscovery: TARGET_MATCH addr=7D:5C:1C:B1:71:AF rssi=-56 uuids=7d3a2d6b-9b7a-4f2a-9e5e-0c9d6f1b1c01
03-09 15:06:51.947  5312  5312 D PresenceDiscovery: TARGET_MATCH addr=7D:5C:1C:B1:71:AF rssi=-59 uuids=7d3a2d6b-9b7a-4f2a-9e5e-0c9d6f1b1c01
03-09 15:06:51.971  5312  5312 D PresenceDiscovery: TARGET_MATCH addr=4D:52:D4:C8:4E:A2 rssi=-56 uuids=7d3a2d6b-9b7a-4f2a-9e5e-0c9d6f1b1c01
03-09 15:06:52.226  5312  5312 D PresenceDiscovery: TARGET_MATCH addr=7D:5C:1C:B1:71:AF rssi=-60 uuids=7d3a2d6b-9b7a-4f2a-9e5e-0c9d6f1b1c01
03-09 15:06:52.235  5312  5312 D PresenceDiscovery: TARGET_MATCH addr=4D:52:D4:C8:4E:A2 rssi=-56 uuids=7d3a2d6b-9b7a-4f2a-9e5e-0c9d6f1b1c01
03-09 15:06:52.358  5312  5312 D PresenceDiscovery: TARGET_MATCH addr=7D:5C:1C:B1:71:AF rssi=-56 uuids=7d3a2d6b-9b7a-4f2a-9e5e-0c9d6f1b1c01
03-09 15:06:52.373  5312  5312 D PresenceDiscovery: TARGET_MATCH addr=4D:52:D4:C8:4E:A2 rssi=-56 uuids=7d3a2d6b-9b7a-4f2a-9e5e-0c9d6f1b1c01
03-09 15:06:52.505  5312  5312 D PresenceDiscovery: TARGET_MATCH addr=4D:52:D4:C8:4E:A2 rssi=-59 uuids=7d3a2d6b-9b7a-4f2a-9e5e-0c9d6f1b1c01
03-09 15:06:52.632  5312  5312 D PresenceDiscovery: TARGET_MATCH addr=7D:5C:1C:B1:71:AF rssi=-55 uuids=7d3a2d6b-9b7a-4f2a-9e5e-0c9d6f1b1c01
03-09 15:06:52.643  5312  5312 D PresenceDiscovery: TARGET_MATCH addr=4D:52:D4:C8:4E:A2 rssi=-56 uuids=7d3a2d6b-9b7a-4f2a-9e5e-0c9d6f1b1c01
03-09 15:06:52.764  5312  5312 D PresenceDiscovery: TARGET_MATCH addr=7D:5C:1C:B1:71:AF rssi=-56 uuids=7d3a2d6b-9b7a-4f2a-9e5e-0c9d6f1b1c01
03-09 15:06:52.903  5312  5312 D PresenceDiscovery: TARGET_MATCH addr=7D:5C:1C:B1:71:AF rssi=-56 uuids=7d3a2d6b-9b7a-4f2a-9e5e-0c9d6f1b1c01
03-09 15:06:53.040  5312  5312 D PresenceDiscovery: TARGET_MATCH addr=7D:5C:1C:B1:71:AF rssi=-60 uuids=7d3a2d6b-9b7a-4f2a-9e5e-0c9d6f1b1c01
03-09 15:06:53.051  5312  5312 D PresenceDiscovery: TARGET_MATCH addr=4D:52:D4:C8:4E:A2 rssi=-56 uuids=7d3a2d6b-9b7a-4f2a-9e5e-0c9d6f1b1c01
03-09 15:06:53.179  5312  5312 D PresenceDiscovery: TARGET_MATCH addr=7D:5C:1C:B1:71:AF rssi=-56 uuids=7d3a2d6b-9b7a-4f2a-9e5e-0c9d6f1b1c01
03-09 15:06:53.324  5312  5312 D PresenceDiscovery: TARGET_MATCH addr=7D:5C:1C:B1:71:AF rssi=-56 uuids=7d3a2d6b-9b7a-4f2a-9e5e-0c9d6f1b1c01
03-09 15:06:53.330  5312  5312 D PresenceDiscovery: TARGET_MATCH addr=4D:52:D4:C8:4E:A2 rssi=-55 uuids=7d3a2d6b-9b7a-4f2a-9e5e-0c9d6f1b1c01
03-09 15:06:53.594  5312  5312 D PresenceDiscovery: TARGET_MATCH addr=7D:5C:1C:B1:71:AF rssi=-56 uuids=7d3a2d6b-9b7a-4f2a-9e5e-0c9d6f1b1c01
03-09 15:06:53.599  5312  5312 D PresenceDiscovery: TARGET_MATCH addr=4D:52:D4:C8:4E:A2 rssi=-56 uuids=7d3a2d6b-9b7a-4f2a-9e5e-0c9d6f1b1c01
03-09 15:06:53.737  5312  5312 D PresenceDiscovery: TARGET_MATCH addr=4D:52:D4:C8:4E:A2 rssi=-60 uuids=7d3a2d6b-9b7a-4f2a-9e5e-0c9d6f1b1c01
03-09 15:06:53.856  5312  5312 D PresenceDiscovery: TARGET_MATCH addr=7D:5C:1C:B1:71:AF rssi=-56 uuids=7d3a2d6b-9b7a-4f2a-9e5e-0c9d6f1b1c01
03-09 15:06:53.866  5312  5312 D PresenceDiscovery: TARGET_MATCH addr=4D:52:D4:C8:4E:A2 rssi=-56 uuids=7d3a2d6b-9b7a-4f2a-9e5e-0c9d6f1b1c01
03-09 15:06:54.009  5312  5312 D PresenceDiscovery: TARGET_MATCH addr=4D:52:D4:C8:4E:A2 rssi=-60 uuids=7d3a2d6b-9b7a-4f2a-9e5e-0c9d6f1b1c01
03-09 15:06:54.143  5312  5312 D PresenceDiscovery: TARGET_MATCH addr=4D:52:D4:C8:4E:A2 rssi=-55 uuids=7d3a2d6b-9b7a-4f2a-9e5e-0c9d6f1b1c01
03-09 15:06:54.269  5312  5312 D PresenceDiscovery: TARGET_MATCH addr=7D:5C:1C:B1:71:AF rssi=-56 uuids=7d3a2d6b-9b7a-4f2a-9e5e-0c9d6f1b1c01
03-09 15:06:54.403  5312  5312 D PresenceDiscovery: TARGET_MATCH addr=7D:5C:1C:B1:71:AF rssi=-56 uuids=7d3a2d6b-9b7a-4f2a-9e5e-0c9d6f1b1c01
03-09 15:06:54.415  5312  5312 D PresenceDiscovery: TARGET_MATCH addr=4D:52:D4:C8:4E:A2 rssi=-60 uuids=7d3a2d6b-9b7a-4f2a-9e5e-0c9d6f1b1c01
03-09 15:06:54.540  5312  5312 D PresenceDiscovery: TARGET_MATCH addr=7D:5C:1C:B1:71:AF rssi=-56 uuids=7d3a2d6b-9b7a-4f2a-9e5e-0c9d6f1b1c01
03-09 15:06:54.550  5312  5312 D PresenceDiscovery: TARGET_MATCH addr=4D:52:D4:C8:4E:A2 rssi=-56 uuids=7d3a2d6b-9b7a-4f2a-9e5e-0c9d6f1b1c01
03-09 15:06:54.683  5312  5312 D PresenceDiscovery: TARGET_MATCH addr=4D:52:D4:C8:4E:A2 rssi=-60 uuids=7d3a2d6b-9b7a-4f2a-9e5e-0c9d6f1b1c01
03-09 15:06:54.816  5312  5312 D PresenceDiscovery: TARGET_MATCH addr=4D:52:D4:C8:4E:A2 rssi=-56 uuids=7d3a2d6b-9b7a-4f2a-9e5e-0c9d6f1b1c01
03-09 15:06:54.953  5312  5312 D PresenceDiscovery: TARGET_MATCH addr=4D:52:D4:C8:4E:A2 rssi=-60 uuids=7d3a2d6b-9b7a-4f2a-9e5e-0c9d6f1b1c01
03-09 15:06:55.093  5312  5312 D PresenceDiscovery: TARGET_MATCH addr=4D:52:D4:C8:4E:A2 rssi=-56 uuids=7d3a2d6b-9b7a-4f2a-9e5e-0c9d6f1b1c01
03-09 15:06:55.219  5312  5312 D PresenceDiscovery: TARGET_MATCH addr=7D:5C:1C:B1:71:AF rssi=-59 uuids=7d3a2d6b-9b7a-4f2a-9e5e-0c9d6f1b1c01
03-09 15:06:55.235  5312  5312 D PresenceDiscovery: TARGET_MATCH addr=4D:52:D4:C8:4E:A2 rssi=-59 uuids=7d3a2d6b-9b7a-4f2a-9e5e-0c9d6f1b1c01
03-09 15:06:55.380  5312  5312 D PresenceDiscovery: TARGET_MATCH addr=4D:52:D4:C8:4E:A2 rssi=-56 uuids=7d3a2d6b-9b7a-4f2a-9e5e-0c9d6f1b1c01
03-09 15:06:55.641  5312  5312 D PresenceDiscovery: TARGET_MATCH addr=4D:52:D4:C8:4E:A2 rssi=-56 uuids=7d3a2d6b-9b7a-4f2a-9e5e-0c9d6f1b1c01
03-09 15:06:55.762  5312  5312 D PresenceDiscovery: TARGET_MATCH addr=7D:5C:1C:B1:71:AF rssi=-56 uuids=7d3a2d6b-9b7a-4f2a-9e5e-0c9d6f1b1c01
03-09 15:06:55.781  5312  5312 D PresenceDiscovery: TARGET_MATCH addr=4D:52:D4:C8:4E:A2 rssi=-56 uuids=7d3a2d6b-9b7a-4f2a-9e5e-0c9d6f1b1c01
03-09 15:06:55.896  5312  5312 D PresenceDiscovery: TARGET_MATCH addr=7D:5C:1C:B1:71:AF rssi=-56 uuids=7d3a2d6b-9b7a-4f2a-9e5e-0c9d6f1b1c01
03-09 15:06:55.921  5312  5312 D PresenceDiscovery: TARGET_MATCH addr=4D:52:D4:C8:4E:A2 rssi=-56 uuids=7d3a2d6b-9b7a-4f2a-9e5e-0c9d6f1b1c01
03-09 15:06:56.031  5312  5312 D PresenceDiscovery: TARGET_MATCH addr=7D:5C:1C:B1:71:AF rssi=-56 uuids=7d3a2d6b-9b7a-4f2a-9e5e-0c9d6f1b1c01
03-09 15:06:56.055  5312  5312 D PresenceDiscovery: TARGET_MATCH addr=4D:52:D4:C8:4E:A2 rssi=-57 uuids=7d3a2d6b-9b7a-4f2a-9e5e-0c9d6f1b1c01
03-09 15:07:01.900 17627 17627 D PresenceDiscovery: TARGET_MATCH addr=7D:5C:1C:B1:71:AF rssi=-55 uuids=7d3a2d6b-9b7a-4f2a-9e5e-0c9d6f1b1c01
03-09 15:07:01.901 17627 17627 E PresenceDiscovery: PP_DISCOVERY TARGET_MATCH addr=7D:5C:1C:B1:71:AF name=Josko's S21 Ultra rssi=-55 uuids=7d3a2d6b-9b7a-4f2a-9e5e-0c9d6f1b1c01
03-09 15:07:01.911 17627 17627 D PresenceDiscovery: TARGET_MATCH addr=4D:52:D4:C8:4E:A2 rssi=-55 uuids=7d3a2d6b-9b7a-4f2a-9e5e-0c9d6f1b1c01
03-09 15:07:01.911 17627 17627 E PresenceDiscovery: PP_DISCOVERY TARGET_MATCH addr=4D:52:D4:C8:4E:A2 name=Josko's S21 Ultra rssi=-55 uuids=7d3a2d6b-9b7a-4f2a-9e5e-0c9d6f1b1c01
03-09 15:07:03.789 17627 17627 D PresenceDiscovery: TARGET_MATCH addr=7D:5C:1C:B1:71:AF rssi=-56 uuids=7d3a2d6b-9b7a-4f2a-9e5e-0c9d6f1b1c01
03-09 15:07:05.446 17627 17627 D PresenceDiscovery: TARGET_MATCH addr=7D:5C:1C:B1:71:AF rssi=-56 uuids=7d3a2d6b-9b7a-4f2a-9e5e-0c9d6f1b1c01
03-09 15:07:05.464 17627 17627 D PresenceDiscovery: TARGET_MATCH addr=4D:52:D4:C8:4E:A2 rssi=-56 uuids=7d3a2d6b-9b7a-4f2a-9e5e-0c9d6f1b1c01
03-09 15:07:05.594 17627 17627 D PresenceDiscovery: TARGET_MATCH addr=4D:52:D4:C8:4E:A2 rssi=-57 uuids=7d3a2d6b-9b7a-4f2a-9e5e-0c9d6f1b1c01
03-09 15:07:07.330 17627 17627 D PresenceDiscovery: TARGET_MATCH addr=7D:5C:1C:B1:71:AF rssi=-55 uuids=7d3a2d6b-9b7a-4f2a-9e5e-0c9d6f1b1c01
03-09 15:07:07.460 17627 17627 D PresenceDiscovery: TARGET_MATCH addr=7D:5C:1C:B1:71:AF rssi=-58 uuids=7d3a2d6b-9b7a-4f2a-9e5e-0c9d6f1b1c01
03-09 15:07:07.510 17627 17627 D PresenceDiscovery: TARGET_MATCH addr=4D:52:D4:C8:4E:A2 rssi=-55 uuids=7d3a2d6b-9b7a-4f2a-9e5e-0c9d6f1b1c01
03-09 15:07:09.150 17627 17627 D PresenceDiscovery: TARGET_MATCH addr=4D:52:D4:C8:4E:A2 rssi=-56 uuids=7d3a2d6b-9b7a-4f2a-9e5e-0c9d6f1b1c01
03-09 15:07:09.237 17627 17627 D PresenceDiscovery: TARGET_MATCH addr=7D:5C:1C:B1:71:AF rssi=-56 uuids=7d3a2d6b-9b7a-4f2a-9e5e-0c9d6f1b1c01
03-09 15:07:09.282 17627 17627 D PresenceDiscovery: TARGET_MATCH addr=4D:52:D4:C8:4E:A2 rssi=-57 uuids=7d3a2d6b-9b7a-4f2a-9e5e-0c9d6f1b1c01
03-09 15:07:09.416 17627 17627 D PresenceDiscovery: TARGET_MATCH addr=4D:52:D4:C8:4E:A2 rssi=-56 uuids=7d3a2d6b-9b7a-4f2a-9e5e-0c9d6f1b1c01
03-09 15:07:11.188 17627 17627 D PresenceDiscovery: TARGET_MATCH addr=4D:52:D4:C8:4E:A2 rssi=-55 uuids=7d3a2d6b-9b7a-4f2a-9e5e-0c9d6f1b1c01
03-09 15:07:12.958 17627 17627 D PresenceDiscovery: TARGET_MATCH addr=7D:5C:1C:B1:71:AF rssi=-58 uuids=7d3a2d6b-9b7a-4f2a-9e5e-0c9d6f1b1c01
03-09 15:07:12.985 17627 17627 D PresenceDiscovery: TARGET_MATCH addr=4D:52:D4:C8:4E:A2 rssi=-56 uuids=7d3a2d6b-9b7a-4f2a-9e5e-0c9d6f1b1c01
03-09 15:07:13.098 17627 17627 D PresenceDiscovery: TARGET_MATCH addr=7D:5C:1C:B1:71:AF rssi=-58 uuids=7d3a2d6b-9b7a-4f2a-9e5e-0c9d6f1b1c01
03-09 15:07:13.113 17627 17627 D PresenceDiscovery: TARGET_MATCH addr=4D:52:D4:C8:4E:A2 rssi=-53 uuids=7d3a2d6b-9b7a-4f2a-9e5e-0c9d6f1b1c01
03-09 15:07:14.730 17627 17627 D PresenceDiscovery: TARGET_MATCH addr=7D:5C:1C:B1:71:AF rssi=-59 uuids=7d3a2d6b-9b7a-4f2a-9e5e-0c9d6f1b1c01
03-09 15:07:14.867 17627 17627 D PresenceDiscovery: TARGET_MATCH addr=7D:5C:1C:B1:71:AF rssi=-57 uuids=7d3a2d6b-9b7a-4f2a-9e5e-0c9d6f1b1c01
03-09 15:07:15.008 17627 17627 D PresenceDiscovery: TARGET_MATCH addr=7D:5C:1C:B1:71:AF rssi=-58 uuids=7d3a2d6b-9b7a-4f2a-9e5e-0c9d6f1b1c01
03-09 15:07:35.886  5312  5325 D PresenceGatt: HELLO_ACCEPTED addr=48:35:97:4A:B5:38 bytes=4
03-09 15:07:35.886  5312  5325 D PresenceGatt: HELLO_RX addr=48:35:97:4A:B5:38 bytes=4
03-09 15:07:35.893  5312  5325 D PresenceGatt: REPLY_ENVELOPE_TX addr=48:35:97:4A:B5:38 text=reply=UlBMMQ==;deviceBEphemeralKey=MFkwEwYHKoZIzj0CAQYIKoZIzj0DAQcDQgAE/0B9fWzuXhuadCFDUjgFgL3iFo8FOeXULI7YK56LKe/e8MWB3GW8rkrpNWRaRW5/fUpFebKSWQcKx82FWwVFmg==;deviceBSignature=MEUCIE+WXTpWATExva/51r/QqBlq9p7WmvHj7mA5NOQwG0XDAiEAivi/VCrYUxKldEgILlBX7VQdb26z9aDIj0JmvR2Pk4k=
03-09 15:07:35.897  5312  5325 D PresenceGatt: REPLY_TX addr=48:35:97:4A:B5:38 ok=true bytes=273
03-09 15:07:36.961  5312  5325 D PresenceGatt: HELLO_GLOBAL_THROTTLED addr=70:7C:F2:70:0E:35 bytes=4 ageMs=1076 cooldownMs=15000
03-09 15:07:41.384  5312  5312 D PresenceDiscovery: TARGET_MATCH addr=4D:52:D4:C8:4E:A2 rssi=-56 uuids=7d3a2d6b-9b7a-4f2a-9e5e-0c9d6f1b1c01
03-09 15:07:41.384  5312  5312 E PresenceDiscovery: PP_DISCOVERY TARGET_MATCH addr=4D:52:D4:C8:4E:A2 name=Josko's S21 Ultra rssi=-56 uuids=7d3a2d6b-9b7a-4f2a-9e5e-0c9d6f1b1c01
03-09 15:07:41.496  5312  5312 D PresenceDiscovery: TARGET_MATCH addr=7D:5C:1C:B1:71:AF rssi=-53 uuids=7d3a2d6b-9b7a-4f2a-9e5e-0c9d6f1b1c01
03-09 15:07:41.496  5312  5312 E PresenceDiscovery: PP_DISCOVERY TARGET_MATCH addr=7D:5C:1C:B1:71:AF name=Josko's S21 Ultra rssi=-53 uuids=7d3a2d6b-9b7a-4f2a-9e5e-0c9d6f1b1c01
03-09 15:07:41.539  5312  5312 D PresenceDiscovery: TARGET_MATCH addr=4D:52:D4:C8:4E:A2 rssi=-59 uuids=7d3a2d6b-9b7a-4f2a-9e5e-0c9d6f1b1c01
03-09 15:07:41.634  5312  5312 D PresenceDiscovery: TARGET_MATCH addr=7D:5C:1C:B1:71:AF rssi=-58 uuids=7d3a2d6b-9b7a-4f2a-9e5e-0c9d6f1b1c01
03-09 15:07:41.660  5312  5312 D PresenceDiscovery: TARGET_MATCH addr=4D:52:D4:C8:4E:A2 rssi=-58 uuids=7d3a2d6b-9b7a-4f2a-9e5e-0c9d6f1b1c01
03-09 15:07:41.779  5312  5312 D PresenceDiscovery: TARGET_MATCH addr=7D:5C:1C:B1:71:AF rssi=-53 uuids=7d3a2d6b-9b7a-4f2a-9e5e-0c9d6f1b1c01
03-09 15:07:41.941  5312  5312 D PresenceDiscovery: TARGET_MATCH addr=4D:52:D4:C8:4E:A2 rssi=-54 uuids=7d3a2d6b-9b7a-4f2a-9e5e-0c9d6f1b1c01
03-09 15:07:42.074  5312  5312 D PresenceDiscovery: TARGET_MATCH addr=4D:52:D4:C8:4E:A2 rssi=-55 uuids=7d3a2d6b-9b7a-4f2a-9e5e-0c9d6f1b1c01
03-09 15:07:42.187  5312  5312 D PresenceDiscovery: TARGET_MATCH addr=7D:5C:1C:B1:71:AF rssi=-58 uuids=7d3a2d6b-9b7a-4f2a-9e5e-0c9d6f1b1c01
03-09 15:07:42.206  5312  5312 D PresenceDiscovery: TARGET_MATCH addr=4D:52:D4:C8:4E:A2 rssi=-58 uuids=7d3a2d6b-9b7a-4f2a-9e5e-0c9d6f1b1c01
03-09 15:07:42.329  5312  5312 D PresenceDiscovery: TARGET_MATCH addr=7D:5C:1C:B1:71:AF rssi=-56 uuids=7d3a2d6b-9b7a-4f2a-9e5e-0c9d6f1b1c01
03-09 15:07:42.477  5312  5312 D PresenceDiscovery: TARGET_MATCH addr=7D:5C:1C:B1:71:AF rssi=-55 uuids=7d3a2d6b-9b7a-4f2a-9e5e-0c9d6f1b1c01
03-09 15:07:42.481  5312  5312 D PresenceDiscovery: TARGET_MATCH addr=4D:52:D4:C8:4E:A2 rssi=-55 uuids=7d3a2d6b-9b7a-4f2a-9e5e-0c9d6f1b1c01
03-09 15:07:42.614  5312  5312 D PresenceDiscovery: TARGET_MATCH addr=7D:5C:1C:B1:71:AF rssi=-56 uuids=7d3a2d6b-9b7a-4f2a-9e5e-0c9d6f1b1c01
03-09 15:07:42.753  5312  5312 D PresenceDiscovery: TARGET_MATCH addr=7D:5C:1C:B1:71:AF rssi=-54 uuids=7d3a2d6b-9b7a-4f2a-9e5e-0c9d6f1b1c01
03-09 15:07:42.889  5312  5312 D PresenceDiscovery: TARGET_MATCH addr=7D:5C:1C:B1:71:AF rssi=-55 uuids=7d3a2d6b-9b7a-4f2a-9e5e-0c9d6f1b1c01
03-09 15:07:43.021  5312  5312 D PresenceDiscovery: TARGET_MATCH addr=7D:5C:1C:B1:71:AF rssi=-58 uuids=7d3a2d6b-9b7a-4f2a-9e5e-0c9d6f1b1c01
03-09 15:07:43.030  5312  5312 D PresenceDiscovery: TARGET_MATCH addr=4D:52:D4:C8:4E:A2 rssi=-58 uuids=7d3a2d6b-9b7a-4f2a-9e5e-0c9d6f1b1c01
03-09 15:07:43.287  5312  5312 D PresenceDiscovery: TARGET_MATCH addr=7D:5C:1C:B1:71:AF rssi=-57 uuids=7d3a2d6b-9b7a-4f2a-9e5e-0c9d6f1b1c01
03-09 15:07:43.426  5312  5312 D PresenceDiscovery: TARGET_MATCH addr=7D:5C:1C:B1:71:AF rssi=-56 uuids=7d3a2d6b-9b7a-4f2a-9e5e-0c9d6f1b1c01
03-09 15:07:43.450  5312  5312 D PresenceDiscovery: TARGET_MATCH addr=4D:52:D4:C8:4E:A2 rssi=-54 uuids=7d3a2d6b-9b7a-4f2a-9e5e-0c9d6f1b1c01
03-09 15:07:43.556  5312  5312 D PresenceDiscovery: TARGET_MATCH addr=7D:5C:1C:B1:71:AF rssi=-55 uuids=7d3a2d6b-9b7a-4f2a-9e5e-0c9d6f1b1c01
03-09 15:07:43.591  5312  5312 D PresenceDiscovery: TARGET_MATCH addr=4D:52:D4:C8:4E:A2 rssi=-60 uuids=7d3a2d6b-9b7a-4f2a-9e5e-0c9d6f1b1c01
03-09 15:07:43.690  5312  5312 D PresenceDiscovery: TARGET_MATCH addr=7D:5C:1C:B1:71:AF rssi=-53 uuids=7d3a2d6b-9b7a-4f2a-9e5e-0c9d6f1b1c01
03-09 15:07:43.727  5312  5312 D PresenceDiscovery: TARGET_MATCH addr=4D:52:D4:C8:4E:A2 rssi=-55 uuids=7d3a2d6b-9b7a-4f2a-9e5e-0c9d6f1b1c01
03-09 15:07:43.864  5312  5312 D PresenceDiscovery: TARGET_MATCH addr=4D:52:D4:C8:4E:A2 rssi=-53 uuids=7d3a2d6b-9b7a-4f2a-9e5e-0c9d6f1b1c01
03-09 15:07:43.965  5312  5312 D PresenceDiscovery: TARGET_MATCH addr=7D:5C:1C:B1:71:AF rssi=-55 uuids=7d3a2d6b-9b7a-4f2a-9e5e-0c9d6f1b1c01
03-09 15:07:44.136  5312  5312 D PresenceDiscovery: TARGET_MATCH addr=4D:52:D4:C8:4E:A2 rssi=-55 uuids=7d3a2d6b-9b7a-4f2a-9e5e-0c9d6f1b1c01
03-09 15:07:44.247  5312  5312 D PresenceDiscovery: TARGET_MATCH addr=7D:5C:1C:B1:71:AF rssi=-59 uuids=7d3a2d6b-9b7a-4f2a-9e5e-0c9d6f1b1c01
03-09 15:07:44.377  5312  5312 D PresenceDiscovery: TARGET_MATCH addr=7D:5C:1C:B1:71:AF rssi=-55 uuids=7d3a2d6b-9b7a-4f2a-9e5e-0c9d6f1b1c01
03-09 15:07:44.411  5312  5312 D PresenceDiscovery: TARGET_MATCH addr=4D:52:D4:C8:4E:A2 rssi=-53 uuids=7d3a2d6b-9b7a-4f2a-9e5e-0c9d6f1b1c01
03-09 15:07:44.509  5312  5312 D PresenceDiscovery: TARGET_MATCH addr=7D:5C:1C:B1:71:AF rssi=-54 uuids=7d3a2d6b-9b7a-4f2a-9e5e-0c9d6f1b1c01
03-09 15:07:44.546  5312  5312 D PresenceDiscovery: TARGET_MATCH addr=4D:52:D4:C8:4E:A2 rssi=-54 uuids=7d3a2d6b-9b7a-4f2a-9e5e-0c9d6f1b1c01
03-09 15:07:44.650  5312  5312 D PresenceDiscovery: TARGET_MATCH addr=7D:5C:1C:B1:71:AF rssi=-54 uuids=7d3a2d6b-9b7a-4f2a-9e5e-0c9d6f1b1c01
03-09 15:07:44.688  5312  5312 D PresenceDiscovery: TARGET_MATCH addr=4D:52:D4:C8:4E:A2 rssi=-54 uuids=7d3a2d6b-9b7a-4f2a-9e5e-0c9d6f1b1c01
03-09 15:07:44.782  5312  5312 D PresenceDiscovery: TARGET_MATCH addr=7D:5C:1C:B1:71:AF rssi=-58 uuids=7d3a2d6b-9b7a-4f2a-9e5e-0c9d6f1b1c01
03-09 15:07:44.914  5312  5312 D PresenceDiscovery: TARGET_MATCH addr=7D:5C:1C:B1:71:AF rssi=-54 uuids=7d3a2d6b-9b7a-4f2a-9e5e-0c9d6f1b1c01
03-09 15:07:44.956  5312  5312 D PresenceDiscovery: TARGET_MATCH addr=4D:52:D4:C8:4E:A2 rssi=-59 uuids=7d3a2d6b-9b7a-4f2a-9e5e-0c9d6f1b1c01
03-09 15:07:45.092  5312  5312 D PresenceDiscovery: TARGET_MATCH addr=4D:52:D4:C8:4E:A2 rssi=-55 uuids=7d3a2d6b-9b7a-4f2a-9e5e-0c9d6f1b1c01
03-09 15:07:45.189  5312  5312 D PresenceDiscovery: TARGET_MATCH addr=7D:5C:1C:B1:71:AF rssi=-54 uuids=7d3a2d6b-9b7a-4f2a-9e5e-0c9d6f1b1c01
03-09 15:07:45.230  5312  5312 D PresenceDiscovery: TARGET_MATCH addr=4D:52:D4:C8:4E:A2 rssi=-58 uuids=7d3a2d6b-9b7a-4f2a-9e5e-0c9d6f1b1c01
03-09 15:07:45.364  5312  5312 D PresenceDiscovery: TARGET_MATCH addr=4D:52:D4:C8:4E:A2 rssi=-54 uuids=7d3a2d6b-9b7a-4f2a-9e5e-0c9d6f1b1c01
03-09 15:07:45.464  5312  5312 D PresenceDiscovery: TARGET_MATCH addr=7D:5C:1C:B1:71:AF rssi=-53 uuids=7d3a2d6b-9b7a-4f2a-9e5e-0c9d6f1b1c01
03-09 15:07:45.744  5312  5312 D PresenceDiscovery: TARGET_MATCH addr=7D:5C:1C:B1:71:AF rssi=-58 uuids=7d3a2d6b-9b7a-4f2a-9e5e-0c9d6f1b1c01
03-09 15:07:45.887  5312  5312 D PresenceDiscovery: TARGET_MATCH addr=7D:5C:1C:B1:71:AF rssi=-58 uuids=7d3a2d6b-9b7a-4f2a-9e5e-0c9d6f1b1c01
03-09 15:07:45.914  5312  5312 D PresenceDiscovery: TARGET_MATCH addr=4D:52:D4:C8:4E:A2 rssi=-59 uuids=7d3a2d6b-9b7a-4f2a-9e5e-0c9d6f1b1c01
03-09 15:07:46.022  5312  5312 D PresenceDiscovery: TARGET_MATCH addr=7D:5C:1C:B1:71:AF rssi=-57 uuids=7d3a2d6b-9b7a-4f2a-9e5e-0c9d6f1b1c01
03-09 15:07:46.055  5312  5312 D PresenceDiscovery: TARGET_MATCH addr=4D:52:D4:C8:4E:A2 rssi=-58 uuids=7d3a2d6b-9b7a-4f2a-9e5e-0c9d6f1b1c01
03-09 15:07:46.162  5312  5312 D PresenceDiscovery: TARGET_MATCH addr=7D:5C:1C:B1:71:AF rssi=-58 uuids=7d3a2d6b-9b7a-4f2a-9e5e-0c9d6f1b1c01
03-09 15:07:46.306  5312  5312 D PresenceDiscovery: TARGET_MATCH addr=7D:5C:1C:B1:71:AF rssi=-59 uuids=7d3a2d6b-9b7a-4f2a-9e5e-0c9d6f1b1c01
03-09 15:07:46.338  5312  5312 D PresenceDiscovery: TARGET_MATCH addr=4D:52:D4:C8:4E:A2 rssi=-58 uuids=7d3a2d6b-9b7a-4f2a-9e5e-0c9d6f1b1c01
03-09 15:07:46.444  5312  5312 D PresenceDiscovery: TARGET_MATCH addr=7D:5C:1C:B1:71:AF rssi=-53 uuids=7d3a2d6b-9b7a-4f2a-9e5e-0c9d6f1b1c01
03-09 15:07:46.587  5312  5312 D PresenceDiscovery: TARGET_MATCH addr=7D:5C:1C:B1:71:AF rssi=-59 uuids=7d3a2d6b-9b7a-4f2a-9e5e-0c9d6f1b1c01
03-09 15:07:46.720  5312  5312 D PresenceDiscovery: TARGET_MATCH addr=7D:5C:1C:B1:71:AF rssi=-55 uuids=7d3a2d6b-9b7a-4f2a-9e5e-0c9d6f1b1c01
03-09 15:07:46.858  5312  5312 D PresenceDiscovery: TARGET_MATCH addr=7D:5C:1C:B1:71:AF rssi=-60 uuids=7d3a2d6b-9b7a-4f2a-9e5e-0c9d6f1b1c01
03-09 15:07:46.900  5312  5312 D PresenceDiscovery: TARGET_MATCH addr=4D:52:D4:C8:4E:A2 rssi=-54 uuids=7d3a2d6b-9b7a-4f2a-9e5e-0c9d6f1b1c01
03-09 15:07:46.996  5312  5312 D PresenceDiscovery: TARGET_MATCH addr=7D:5C:1C:B1:71:AF rssi=-55 uuids=7d3a2d6b-9b7a-4f2a-9e5e-0c9d6f1b1c01
03-09 15:07:47.175  5312  5312 D PresenceDiscovery: TARGET_MATCH addr=4D:52:D4:C8:4E:A2 rssi=-55 uuids=7d3a2d6b-9b7a-4f2a-9e5e-0c9d6f1b1c01
03-09 15:07:47.317  5312  5312 D PresenceDiscovery: TARGET_MATCH addr=4D:52:D4:C8:4E:A2 rssi=-58 uuids=7d3a2d6b-9b7a-4f2a-9e5e-0c9d6f1b1c01
03-09 15:07:47.460  5312  5312 D PresenceDiscovery: TARGET_MATCH addr=4D:52:D4:C8:4E:A2 rssi=-56 uuids=7d3a2d6b-9b7a-4f2a-9e5e-0c9d6f1b1c01
03-09 15:07:47.542  5312  5312 D PresenceDiscovery: TARGET_MATCH addr=7D:5C:1C:B1:71:AF rssi=-54 uuids=7d3a2d6b-9b7a-4f2a-9e5e-0c9d6f1b1c01
03-09 15:07:47.588  5312  5312 D PresenceDiscovery: TARGET_MATCH addr=4D:52:D4:C8:4E:A2 rssi=-58 uuids=7d3a2d6b-9b7a-4f2a-9e5e-0c9d6f1b1c01
03-09 15:07:47.685  5312  5312 D PresenceDiscovery: TARGET_MATCH addr=7D:5C:1C:B1:71:AF rssi=-55 uuids=7d3a2d6b-9b7a-4f2a-9e5e-0c9d6f1b1c01
03-09 15:07:47.727  5312  5312 D PresenceDiscovery: TARGET_MATCH addr=4D:52:D4:C8:4E:A2 rssi=-58 uuids=7d3a2d6b-9b7a-4f2a-9e5e-0c9d6f1b1c01
03-09 15:07:47.815  5312  5312 D PresenceDiscovery: TARGET_MATCH addr=7D:5C:1C:B1:71:AF rssi=-58 uuids=7d3a2d6b-9b7a-4f2a-9e5e-0c9d6f1b1c01
03-09 15:07:47.871  5312  5312 D PresenceDiscovery: TARGET_MATCH addr=4D:52:D4:C8:4E:A2 rssi=-60 uuids=7d3a2d6b-9b7a-4f2a-9e5e-0c9d6f1b1c01
03-09 15:07:48.145  5312  5312 D PresenceDiscovery: TARGET_MATCH addr=4D:52:D4:C8:4E:A2 rssi=-61 uuids=7d3a2d6b-9b7a-4f2a-9e5e-0c9d6f1b1c01
03-09 15:07:48.225  5312  5312 D PresenceDiscovery: TARGET_MATCH addr=7D:5C:1C:B1:71:AF rssi=-54 uuids=7d3a2d6b-9b7a-4f2a-9e5e-0c9d6f1b1c01
03-09 15:07:48.277  5312  5312 D PresenceDiscovery: TARGET_MATCH addr=4D:52:D4:C8:4E:A2 rssi=-58 uuids=7d3a2d6b-9b7a-4f2a-9e5e-0c9d6f1b1c01
03-09 15:07:48.500  5312  5312 D PresenceDiscovery: TARGET_MATCH addr=7D:5C:1C:B1:71:AF rssi=-56 uuids=7d3a2d6b-9b7a-4f2a-9e5e-0c9d6f1b1c01
03-09 15:07:48.559  5312  5312 D PresenceDiscovery: TARGET_MATCH addr=4D:52:D4:C8:4E:A2 rssi=-58 uuids=7d3a2d6b-9b7a-4f2a-9e5e-0c9d6f1b1c01
03-09 15:07:48.639  5312  5312 D PresenceDiscovery: TARGET_MATCH addr=7D:5C:1C:B1:71:AF rssi=-58 uuids=7d3a2d6b-9b7a-4f2a-9e5e-0c9d6f1b1c01
03-09 15:07:48.692  5312  5312 D PresenceDiscovery: TARGET_MATCH addr=4D:52:D4:C8:4E:A2 rssi=-55 uuids=7d3a2d6b-9b7a-4f2a-9e5e-0c9d6f1b1c01
03-09 15:07:48.822  5312  5312 D PresenceDiscovery: TARGET_MATCH addr=4D:52:D4:C8:4E:A2 rssi=-60 uuids=7d3a2d6b-9b7a-4f2a-9e5e-0c9d6f1b1c01
03-09 15:07:48.919  5312  5312 D PresenceDiscovery: TARGET_MATCH addr=7D:5C:1C:B1:71:AF rssi=-58 uuids=7d3a2d6b-9b7a-4f2a-9e5e-0c9d6f1b1c01
03-09 15:07:48.962  5312  5312 D PresenceDiscovery: TARGET_MATCH addr=4D:52:D4:C8:4E:A2 rssi=-55 uuids=7d3a2d6b-9b7a-4f2a-9e5e-0c9d6f1b1c01
03-09 15:07:49.097  5312  5312 D PresenceDiscovery: TARGET_MATCH addr=4D:52:D4:C8:4E:A2 rssi=-58 uuids=7d3a2d6b-9b7a-4f2a-9e5e-0c9d6f1b1c01
03-09 15:07:49.313  5312  5312 D PresenceDiscovery: TARGET_MATCH addr=7D:5C:1C:B1:71:AF rssi=-58 uuids=7d3a2d6b-9b7a-4f2a-9e5e-0c9d6f1b1c01
03-09 15:07:49.364  5312  5312 D PresenceDiscovery: TARGET_MATCH addr=4D:52:D4:C8:4E:A2 rssi=-55 uuids=7d3a2d6b-9b7a-4f2a-9e5e-0c9d6f1b1c01
03-09 15:07:49.451  5312  5312 D PresenceDiscovery: TARGET_MATCH addr=7D:5C:1C:B1:71:AF rssi=-59 uuids=7d3a2d6b-9b7a-4f2a-9e5e-0c9d6f1b1c01
03-09 15:07:49.498  5312  5312 D PresenceDiscovery: TARGET_MATCH addr=4D:52:D4:C8:4E:A2 rssi=-56 uuids=7d3a2d6b-9b7a-4f2a-9e5e-0c9d6f1b1c01
03-09 15:07:49.594  5312  5312 D PresenceDiscovery: TARGET_MATCH addr=7D:5C:1C:B1:71:AF rssi=-58 uuids=7d3a2d6b-9b7a-4f2a-9e5e-0c9d6f1b1c01
03-09 15:07:49.632  5312  5312 D PresenceDiscovery: TARGET_MATCH addr=4D:52:D4:C8:4E:A2 rssi=-59 uuids=7d3a2d6b-9b7a-4f2a-9e5e-0c9d6f1b1c01
03-09 15:07:49.732  5312  5312 D PresenceDiscovery: TARGET_MATCH addr=7D:5C:1C:B1:71:AF rssi=-61 uuids=7d3a2d6b-9b7a-4f2a-9e5e-0c9d6f1b1c01
03-09 15:07:49.874  5312  5312 D PresenceDiscovery: TARGET_MATCH addr=7D:5C:1C:B1:71:AF rssi=-59 uuids=7d3a2d6b-9b7a-4f2a-9e5e-0c9d6f1b1c01
03-09 15:07:49.905  5312  5312 D PresenceDiscovery: TARGET_MATCH addr=4D:52:D4:C8:4E:A2 rssi=-54 uuids=7d3a2d6b-9b7a-4f2a-9e5e-0c9d6f1b1c01
03-09 15:07:50.010  5312  5312 D PresenceDiscovery: TARGET_MATCH addr=7D:5C:1C:B1:71:AF rssi=-54 uuids=7d3a2d6b-9b7a-4f2a-9e5e-0c9d6f1b1c01
03-09 15:07:50.144  5312  5312 D PresenceDiscovery: TARGET_MATCH addr=7D:5C:1C:B1:71:AF rssi=-55 uuids=7d3a2d6b-9b7a-4f2a-9e5e-0c9d6f1b1c01
03-09 15:07:50.176  5312  5312 D PresenceDiscovery: TARGET_MATCH addr=4D:52:D4:C8:4E:A2 rssi=-59 uuids=7d3a2d6b-9b7a-4f2a-9e5e-0c9d6f1b1c01
03-09 15:07:50.314  5312  5312 D PresenceDiscovery: TARGET_MATCH addr=4D:52:D4:C8:4E:A2 rssi=-56 uuids=7d3a2d6b-9b7a-4f2a-9e5e-0c9d6f1b1c01
03-09 15:07:50.431  5312  5312 D PresenceDiscovery: TARGET_MATCH addr=7D:5C:1C:B1:71:AF rssi=-54 uuids=7d3a2d6b-9b7a-4f2a-9e5e-0c9d6f1b1c01
03-09 15:07:50.451  5312  5312 D PresenceDiscovery: TARGET_MATCH addr=4D:52:D4:C8:4E:A2 rssi=-59 uuids=7d3a2d6b-9b7a-4f2a-9e5e-0c9d6f1b1c01
03-09 15:07:50.587  5312  5312 D PresenceDiscovery: TARGET_MATCH addr=4D:52:D4:C8:4E:A2 rssi=-56 uuids=7d3a2d6b-9b7a-4f2a-9e5e-0c9d6f1b1c01
03-09 15:07:50.722  5312  5312 D PresenceDiscovery: TARGET_MATCH addr=4D:52:D4:C8:4E:A2 rssi=-54 uuids=7d3a2d6b-9b7a-4f2a-9e5e-0c9d6f1b1c01
03-09 15:07:50.832  5312  5312 D PresenceDiscovery: TARGET_MATCH addr=7D:5C:1C:B1:71:AF rssi=-59 uuids=7d3a2d6b-9b7a-4f2a-9e5e-0c9d6f1b1c01
03-09 15:07:51.105  5312  5312 D PresenceDiscovery: TARGET_MATCH addr=7D:5C:1C:B1:71:AF rssi=-56 uuids=7d3a2d6b-9b7a-4f2a-9e5e-0c9d6f1b1c01
03-09 15:07:51.132  5312  5312 D PresenceDiscovery: TARGET_MATCH addr=4D:52:D4:C8:4E:A2 rssi=-56 uuids=7d3a2d6b-9b7a-4f2a-9e5e-0c9d6f1b1c01
03-09 15:07:51.243  5312  5312 D PresenceDiscovery: TARGET_MATCH addr=7D:5C:1C:B1:71:AF rssi=-53 uuids=7d3a2d6b-9b7a-4f2a-9e5e-0c9d6f1b1c01
03-09 15:07:51.271  5312  5312 D PresenceDiscovery: TARGET_MATCH addr=4D:52:D4:C8:4E:A2 rssi=-59 uuids=7d3a2d6b-9b7a-4f2a-9e5e-0c9d6f1b1c01
03-09 15:07:51.411  5312  5312 D PresenceDiscovery: TARGET_MATCH addr=4D:52:D4:C8:4E:A2 rssi=-56 uuids=7d3a2d6b-9b7a-4f2a-9e5e-0c9d6f1b1c01
03-09 15:07:51.557  5312  5312 D PresenceDiscovery: TARGET_MATCH addr=4D:52:D4:C8:4E:A2 rssi=-58 uuids=7d3a2d6b-9b7a-4f2a-9e5e-0c9d6f1b1c01
03-09 15:07:51.641  5312  5312 D PresenceDiscovery: TARGET_MATCH addr=7D:5C:1C:B1:71:AF rssi=-59 uuids=7d3a2d6b-9b7a-4f2a-9e5e-0c9d6f1b1c01
03-09 15:07:51.696  5312  5312 D PresenceDiscovery: TARGET_MATCH addr=4D:52:D4:C8:4E:A2 rssi=-53 uuids=7d3a2d6b-9b7a-4f2a-9e5e-0c9d6f1b1c01
03-09 15:07:51.775  5312  5312 D PresenceDiscovery: TARGET_MATCH addr=7D:5C:1C:B1:71:AF rssi=-58 uuids=7d3a2d6b-9b7a-4f2a-9e5e-0c9d6f1b1c01
03-09 15:07:51.836  5312  5312 D PresenceDiscovery: TARGET_MATCH addr=4D:52:D4:C8:4E:A2 rssi=-59 uuids=7d3a2d6b-9b7a-4f2a-9e5e-0c9d6f1b1c01
03-09 15:07:52.042  5312  5312 D PresenceDiscovery: TARGET_MATCH addr=7D:5C:1C:B1:71:AF rssi=-58 uuids=7d3a2d6b-9b7a-4f2a-9e5e-0c9d6f1b1c01
03-09 15:07:52.116  5312  5312 D PresenceDiscovery: TARGET_MATCH addr=4D:52:D4:C8:4E:A2 rssi=-58 uuids=7d3a2d6b-9b7a-4f2a-9e5e-0c9d6f1b1c01
03-09 15:07:52.181  5312  5312 D PresenceDiscovery: TARGET_MATCH addr=7D:5C:1C:B1:71:AF rssi=-60 uuids=7d3a2d6b-9b7a-4f2a-9e5e-0c9d6f1b1c01
03-09 15:07:52.455  5312  5312 D PresenceDiscovery: TARGET_MATCH addr=7D:5C:1C:B1:71:AF rssi=-55 uuids=7d3a2d6b-9b7a-4f2a-9e5e-0c9d6f1b1c01
03-09 15:07:52.673  5312  5312 D PresenceDiscovery: TARGET_MATCH addr=4D:52:D4:C8:4E:A2 rssi=-56 uuids=7d3a2d6b-9b7a-4f2a-9e5e-0c9d6f1b1c01
03-09 15:07:52.814  5312  5312 D PresenceDiscovery: TARGET_MATCH addr=4D:52:D4:C8:4E:A2 rssi=-60 uuids=7d3a2d6b-9b7a-4f2a-9e5e-0c9d6f1b1c01
03-09 15:07:53.003  5312  5312 D PresenceDiscovery: TARGET_MATCH addr=7D:5C:1C:B1:71:AF rssi=-58 uuids=7d3a2d6b-9b7a-4f2a-9e5e-0c9d6f1b1c01
03-09 15:07:53.096  5312  5312 D PresenceDiscovery: TARGET_MATCH addr=4D:52:D4:C8:4E:A2 rssi=-56 uuids=7d3a2d6b-9b7a-4f2a-9e5e-0c9d6f1b1c01
03-09 15:07:53.139  5312  5312 D PresenceDiscovery: TARGET_MATCH addr=7D:5C:1C:B1:71:AF rssi=-53 uuids=7d3a2d6b-9b7a-4f2a-9e5e-0c9d6f1b1c01
03-09 15:07:53.273  5312  5312 D PresenceDiscovery: TARGET_MATCH addr=7D:5C:1C:B1:71:AF rssi=-58 uuids=7d3a2d6b-9b7a-4f2a-9e5e-0c9d6f1b1c01
03-09 15:07:53.363  5312  5312 D PresenceDiscovery: TARGET_MATCH addr=4D:52:D4:C8:4E:A2 rssi=-59 uuids=7d3a2d6b-9b7a-4f2a-9e5e-0c9d6f1b1c01
03-09 15:07:53.415  5312  5312 D PresenceDiscovery: TARGET_MATCH addr=7D:5C:1C:B1:71:AF rssi=-57 uuids=7d3a2d6b-9b7a-4f2a-9e5e-0c9d6f1b1c01
03-09 15:07:53.493  5312  5312 D PresenceDiscovery: TARGET_MATCH addr=4D:52:D4:C8:4E:A2 rssi=-59 uuids=7d3a2d6b-9b7a-4f2a-9e5e-0c9d6f1b1c01
03-09 15:07:53.554  5312  5312 D PresenceDiscovery: TARGET_MATCH addr=7D:5C:1C:B1:71:AF rssi=-56 uuids=7d3a2d6b-9b7a-4f2a-9e5e-0c9d6f1b1c01
03-09 15:07:53.634  5312  5312 D PresenceDiscovery: TARGET_MATCH addr=4D:52:D4:C8:4E:A2 rssi=-57 uuids=7d3a2d6b-9b7a-4f2a-9e5e-0c9d6f1b1c01
03-09 15:07:53.689  5312  5312 D PresenceDiscovery: TARGET_MATCH addr=7D:5C:1C:B1:71:AF rssi=-57 uuids=7d3a2d6b-9b7a-4f2a-9e5e-0c9d6f1b1c01
03-09 15:07:53.772  5312  5312 D PresenceDiscovery: TARGET_MATCH addr=4D:52:D4:C8:4E:A2 rssi=-59 uuids=7d3a2d6b-9b7a-4f2a-9e5e-0c9d6f1b1c01
03-09 15:07:53.823  5312  5312 D PresenceDiscovery: TARGET_MATCH addr=7D:5C:1C:B1:71:AF rssi=-56 uuids=7d3a2d6b-9b7a-4f2a-9e5e-0c9d6f1b1c01
03-09 15:07:53.900  5312  5312 D PresenceDiscovery: TARGET_MATCH addr=4D:52:D4:C8:4E:A2 rssi=-59 uuids=7d3a2d6b-9b7a-4f2a-9e5e-0c9d6f1b1c01
03-09 15:07:54.034  5312  5312 D PresenceDiscovery: TARGET_MATCH addr=4D:52:D4:C8:4E:A2 rssi=-56 uuids=7d3a2d6b-9b7a-4f2a-9e5e-0c9d6f1b1c01
03-09 15:07:54.093  5312  5312 D PresenceDiscovery: TARGET_MATCH addr=7D:5C:1C:B1:71:AF rssi=-54 uuids=7d3a2d6b-9b7a-4f2a-9e5e-0c9d6f1b1c01
03-09 15:07:54.178  5312  5312 D PresenceDiscovery: TARGET_MATCH addr=4D:52:D4:C8:4E:A2 rssi=-58 uuids=7d3a2d6b-9b7a-4f2a-9e5e-0c9d6f1b1c01
03-09 15:07:54.226  5312  5312 D PresenceDiscovery: TARGET_MATCH addr=7D:5C:1C:B1:71:AF rssi=-57 uuids=7d3a2d6b-9b7a-4f2a-9e5e-0c9d6f1b1c01
03-09 15:07:54.371  5312  5312 D PresenceDiscovery: TARGET_MATCH addr=7D:5C:1C:B1:71:AF rssi=-58 uuids=7d3a2d6b-9b7a-4f2a-9e5e-0c9d6f1b1c01
03-09 15:07:54.506  5312  5312 D PresenceDiscovery: TARGET_MATCH addr=7D:5C:1C:B1:71:AF rssi=-56 uuids=7d3a2d6b-9b7a-4f2a-9e5e-0c9d6f1b1c01
03-09 15:07:54.582  5312  5312 D PresenceDiscovery: TARGET_MATCH addr=4D:52:D4:C8:4E:A2 rssi=-59 uuids=7d3a2d6b-9b7a-4f2a-9e5e-0c9d6f1b1c01
03-09 15:07:54.781  5312  5312 D PresenceDiscovery: TARGET_MATCH addr=7D:5C:1C:B1:71:AF rssi=-54 uuids=7d3a2d6b-9b7a-4f2a-9e5e-0c9d6f1b1c01
03-09 15:07:54.912  5312  5312 D PresenceDiscovery: TARGET_MATCH addr=7D:5C:1C:B1:71:AF rssi=-58 uuids=7d3a2d6b-9b7a-4f2a-9e5e-0c9d6f1b1c01
03-09 15:07:55.054  5312  5312 D PresenceDiscovery: TARGET_MATCH addr=7D:5C:1C:B1:71:AF rssi=-52 uuids=7d3a2d6b-9b7a-4f2a-9e5e-0c9d6f1b1c01
03-09 15:07:55.128  5312  5312 D PresenceDiscovery: TARGET_MATCH addr=4D:52:D4:C8:4E:A2 rssi=-59 uuids=7d3a2d6b-9b7a-4f2a-9e5e-0c9d6f1b1c01
03-09 15:07:55.190  5312  5312 D PresenceDiscovery: TARGET_MATCH addr=7D:5C:1C:B1:71:AF rssi=-56 uuids=7d3a2d6b-9b7a-4f2a-9e5e-0c9d6f1b1c01
03-09 15:07:55.338  5312  5312 D PresenceDiscovery: TARGET_MATCH addr=7D:5C:1C:B1:71:AF rssi=-58 uuids=7d3a2d6b-9b7a-4f2a-9e5e-0c9d6f1b1c01
03-09 15:07:55.465  5312  5312 D PresenceDiscovery: TARGET_MATCH addr=7D:5C:1C:B1:71:AF rssi=-58 uuids=7d3a2d6b-9b7a-4f2a-9e5e-0c9d6f1b1c01
03-09 15:07:55.528  5312  5312 D PresenceDiscovery: TARGET_MATCH addr=4D:52:D4:C8:4E:A2 rssi=-59 uuids=7d3a2d6b-9b7a-4f2a-9e5e-0c9d6f1b1c01
03-09 15:07:55.801  5312  5312 D PresenceDiscovery: TARGET_MATCH addr=4D:52:D4:C8:4E:A2 rssi=-58 uuids=7d3a2d6b-9b7a-4f2a-9e5e-0c9d6f1b1c01
03-09 15:07:55.934  5312  5312 D PresenceDiscovery: TARGET_MATCH addr=4D:52:D4:C8:4E:A2 rssi=-56 uuids=7d3a2d6b-9b7a-4f2a-9e5e-0c9d6f1b1c01
03-09 15:07:56.021  5312  5312 D PresenceDiscovery: TARGET_MATCH addr=7D:5C:1C:B1:71:AF rssi=-55 uuids=7d3a2d6b-9b7a-4f2a-9e5e-0c9d6f1b1c01
03-09 15:08:01.839 17627 17627 D PresenceDiscovery: TARGET_MATCH addr=4D:52:D4:C8:4E:A2 rssi=-56 uuids=7d3a2d6b-9b7a-4f2a-9e5e-0c9d6f1b1c01
03-09 15:08:01.840 17627 17627 E PresenceDiscovery: PP_DISCOVERY TARGET_MATCH addr=4D:52:D4:C8:4E:A2 name=Josko's S21 Ultra rssi=-56 uuids=7d3a2d6b-9b7a-4f2a-9e5e-0c9d6f1b1c01
03-09 15:08:01.921 17627 17627 D PresenceDiscovery: TARGET_MATCH addr=7D:5C:1C:B1:71:AF rssi=-57 uuids=7d3a2d6b-9b7a-4f2a-9e5e-0c9d6f1b1c01
03-09 15:08:01.921 17627 17627 E PresenceDiscovery: PP_DISCOVERY TARGET_MATCH addr=7D:5C:1C:B1:71:AF name=Josko's S21 Ultra rssi=-57 uuids=7d3a2d6b-9b7a-4f2a-9e5e-0c9d6f1b1c01
03-09 15:08:02.002 17627 17627 D PresenceDiscovery: TARGET_MATCH addr=4D:52:D4:C8:4E:A2 rssi=-59 uuids=7d3a2d6b-9b7a-4f2a-9e5e-0c9d6f1b1c01
03-09 15:08:03.749 17627 17627 D PresenceDiscovery: TARGET_MATCH addr=4D:52:D4:C8:4E:A2 rssi=-57 uuids=7d3a2d6b-9b7a-4f2a-9e5e-0c9d6f1b1c01
03-09 15:08:03.777 17627 17627 D PresenceDiscovery: TARGET_MATCH addr=7D:5C:1C:B1:71:AF rssi=-59 uuids=7d3a2d6b-9b7a-4f2a-9e5e-0c9d6f1b1c01
03-09 15:08:03.887 17627 17627 D PresenceDiscovery: TARGET_MATCH addr=4D:52:D4:C8:4E:A2 rssi=-58 uuids=7d3a2d6b-9b7a-4f2a-9e5e-0c9d6f1b1c01
