03-09 15:06:33.890 25126 25126 D PresenceDiscovery: TARGET_MATCH addr=74:45:74:C9:9A:03 rssi=-59 uuids=7d3a2d6b-9b7a-4f2a-9e5e-0c9d6f1b1c01
03-09 15:06:33.890 25126 25126 E PresenceDiscovery: PP_DISCOVERY TARGET_MATCH addr=74:45:74:C9:9A:03 name=null rssi=-59 uuids=7d3a2d6b-9b7a-4f2a-9e5e-0c9d6f1b1c01
03-09 15:06:34.154 25126 25126 D PresenceDiscovery: TARGET_MATCH addr=74:45:74:C9:9A:03 rssi=-59 uuids=7d3a2d6b-9b7a-4f2a-9e5e-0c9d6f1b1c01
03-09 15:06:34.262 25126 25126 D PresenceDiscovery: TARGET_MATCH addr=74:45:74:C9:9A:03 rssi=-58 uuids=7d3a2d6b-9b7a-4f2a-9e5e-0c9d6f1b1c01
03-09 15:06:34.503 25126 25126 D PresenceDiscovery: TARGET_MATCH addr=74:45:74:C9:9A:03 rssi=-59 uuids=7d3a2d6b-9b7a-4f2a-9e5e-0c9d6f1b1c01
03-09 15:06:34.612 25126 25126 D PresenceDiscovery: TARGET_MATCH addr=74:45:74:C9:9A:03 rssi=-59 uuids=7d3a2d6b-9b7a-4f2a-9e5e-0c9d6f1b1c01
03-09 15:06:34.728 25126 25126 D PresenceDiscovery: TARGET_MATCH addr=74:45:74:C9:9A:03 rssi=-58 uuids=7d3a2d6b-9b7a-4f2a-9e5e-0c9d6f1b1c01
03-09 15:06:34.853 25126 25126 D PresenceDiscovery: TARGET_MATCH addr=74:45:74:C9:9A:03 rssi=-62 uuids=7d3a2d6b-9b7a-4f2a-9e5e-0c9d6f1b1c01
03-09 15:06:34.973 25126 25126 D PresenceDiscovery: TARGET_MATCH addr=74:45:74:C9:9A:03 rssi=-58 uuids=7d3a2d6b-9b7a-4f2a-9e5e-0c9d6f1b1c01
03-09 15:06:35.096 25126 25126 D PresenceDiscovery: TARGET_MATCH addr=74:45:74:C9:9A:03 rssi=-56 uuids=7d3a2d6b-9b7a-4f2a-9e5e-0c9d6f1b1c01
03-09 15:06:35.211 25126 25126 D PresenceDiscovery: TARGET_MATCH addr=74:45:74:C9:9A:03 rssi=-58 uuids=7d3a2d6b-9b7a-4f2a-9e5e-0c9d6f1b1c01
03-09 15:06:35.331 25126 25126 D PresenceDiscovery: TARGET_MATCH addr=74:45:74:C9:9A:03 rssi=-58 uuids=7d3a2d6b-9b7a-4f2a-9e5e-0c9d6f1b1c01
03-09 15:06:35.455 25126 25126 D PresenceDiscovery: TARGET_MATCH addr=74:45:74:C9:9A:03 rssi=-58 uuids=7d3a2d6b-9b7a-4f2a-9e5e-0c9d6f1b1c01
03-09 15:06:35.691 25126 25126 D PresenceDiscovery: TARGET_MATCH addr=74:45:74:C9:9A:03 rssi=-59 uuids=7d3a2d6b-9b7a-4f2a-9e5e-0c9d6f1b1c01
03-09 15:06:35.810 25126 25126 D PresenceDiscovery: TARGET_MATCH addr=74:45:74:C9:9A:03 rssi=-59 uuids=7d3a2d6b-9b7a-4f2a-9e5e-0c9d6f1b1c01
03-09 15:06:36.170 25126 25126 D PresenceDiscovery: TARGET_MATCH addr=74:45:74:C9:9A:03 rssi=-59 uuids=7d3a2d6b-9b7a-4f2a-9e5e-0c9d6f1b1c01
03-09 15:06:36.289 25126 25126 D PresenceDiscovery: TARGET_MATCH addr=74:45:74:C9:9A:03 rssi=-60 uuids=7d3a2d6b-9b7a-4f2a-9e5e-0c9d6f1b1c01
03-09 15:06:36.407 25126 25126 D PresenceDiscovery: TARGET_MATCH addr=74:45:74:C9:9A:03 rssi=-60 uuids=7d3a2d6b-9b7a-4f2a-9e5e-0c9d6f1b1c01
03-09 15:06:36.656 25126 25126 D PresenceDiscovery: TARGET_MATCH addr=74:45:74:C9:9A:03 rssi=-58 uuids=7d3a2d6b-9b7a-4f2a-9e5e-0c9d6f1b1c01
03-09 15:06:36.777 25126 25126 D PresenceDiscovery: TARGET_MATCH addr=74:45:74:C9:9A:03 rssi=-58 uuids=7d3a2d6b-9b7a-4f2a-9e5e-0c9d6f1b1c01
03-09 15:06:36.889 25126 25126 D PresenceDiscovery: TARGET_MATCH addr=74:45:74:C9:9A:03 rssi=-58 uuids=7d3a2d6b-9b7a-4f2a-9e5e-0c9d6f1b1c01
03-09 15:06:37.260 25126 25126 D PresenceDiscovery: TARGET_MATCH addr=74:45:74:C9:9A:03 rssi=-60 uuids=7d3a2d6b-9b7a-4f2a-9e5e-0c9d6f1b1c01
03-09 15:06:37.381 25126 25126 D PresenceDiscovery: TARGET_MATCH addr=74:45:74:C9:9A:03 rssi=-59 uuids=7d3a2d6b-9b7a-4f2a-9e5e-0c9d6f1b1c01
03-09 15:06:37.502 25126 25126 D PresenceDiscovery: TARGET_MATCH addr=74:45:74:C9:9A:03 rssi=-61 uuids=7d3a2d6b-9b7a-4f2a-9e5e-0c9d6f1b1c01
03-09 15:06:37.621 25126 25126 D PresenceDiscovery: TARGET_MATCH addr=74:45:74:C9:9A:03 rssi=-60 uuids=7d3a2d6b-9b7a-4f2a-9e5e-0c9d6f1b1c01
03-09 15:06:37.750 25126 25126 D PresenceDiscovery: TARGET_MATCH addr=74:45:74:C9:9A:03 rssi=-60 uuids=7d3a2d6b-9b7a-4f2a-9e5e-0c9d6f1b1c01
03-09 15:06:37.866 25126 25126 D PresenceDiscovery: TARGET_MATCH addr=74:45:74:C9:9A:03 rssi=-60 uuids=7d3a2d6b-9b7a-4f2a-9e5e-0c9d6f1b1c01
03-09 15:06:37.976 25126 25126 D PresenceDiscovery: TARGET_MATCH addr=74:45:74:C9:9A:03 rssi=-61 uuids=7d3a2d6b-9b7a-4f2a-9e5e-0c9d6f1b1c01
03-09 15:06:38.099 25126 25126 D PresenceDiscovery: TARGET_MATCH addr=74:45:74:C9:9A:03 rssi=-60 uuids=7d3a2d6b-9b7a-4f2a-9e5e-0c9d6f1b1c01
03-09 15:06:38.213 25126 25126 D PresenceDiscovery: TARGET_MATCH addr=74:45:74:C9:9A:03 rssi=-60 uuids=7d3a2d6b-9b7a-4f2a-9e5e-0c9d6f1b1c01
03-09 15:06:38.335 25126 25126 D PresenceDiscovery: TARGET_MATCH addr=74:45:74:C9:9A:03 rssi=-57 uuids=7d3a2d6b-9b7a-4f2a-9e5e-0c9d6f1b1c01
03-09 15:06:38.457 25126 25126 D PresenceDiscovery: TARGET_MATCH addr=74:45:74:C9:9A:03 rssi=-56 uuids=7d3a2d6b-9b7a-4f2a-9e5e-0c9d6f1b1c01
03-09 15:06:38.569 25126 25126 D PresenceDiscovery: TARGET_MATCH addr=74:45:74:C9:9A:03 rssi=-56 uuids=7d3a2d6b-9b7a-4f2a-9e5e-0c9d6f1b1c01
03-09 15:06:38.701 25126 25126 D PresenceDiscovery: TARGET_MATCH addr=74:45:74:C9:9A:03 rssi=-56 uuids=7d3a2d6b-9b7a-4f2a-9e5e-0c9d6f1b1c01
03-09 15:06:38.817 25126 25126 D PresenceDiscovery: TARGET_MATCH addr=74:45:74:C9:9A:03 rssi=-56 uuids=7d3a2d6b-9b7a-4f2a-9e5e-0c9d6f1b1c01
03-09 15:06:38.943 25126 25126 D PresenceDiscovery: TARGET_MATCH addr=74:45:74:C9:9A:03 rssi=-56 uuids=7d3a2d6b-9b7a-4f2a-9e5e-0c9d6f1b1c01
03-09 15:06:39.051 25126 25126 D PresenceDiscovery: TARGET_MATCH addr=74:45:74:C9:9A:03 rssi=-60 uuids=7d3a2d6b-9b7a-4f2a-9e5e-0c9d6f1b1c01
03-09 15:06:39.169 25126 25126 D PresenceDiscovery: TARGET_MATCH addr=74:45:74:C9:9A:03 rssi=-62 uuids=7d3a2d6b-9b7a-4f2a-9e5e-0c9d6f1b1c01
03-09 15:06:39.294 25126 25126 D PresenceDiscovery: TARGET_MATCH addr=74:45:74:C9:9A:03 rssi=-62 uuids=7d3a2d6b-9b7a-4f2a-9e5e-0c9d6f1b1c01
03-09 15:06:39.413 25126 25126 D PresenceDiscovery: TARGET_MATCH addr=74:45:74:C9:9A:03 rssi=-63 uuids=7d3a2d6b-9b7a-4f2a-9e5e-0c9d6f1b1c01
03-09 15:06:39.532 25126 25126 D PresenceDiscovery: TARGET_MATCH addr=74:45:74:C9:9A:03 rssi=-65 uuids=7d3a2d6b-9b7a-4f2a-9e5e-0c9d6f1b1c01
03-09 15:06:39.665 25126 25126 D PresenceDiscovery: TARGET_MATCH addr=74:45:74:C9:9A:03 rssi=-54 uuids=7d3a2d6b-9b7a-4f2a-9e5e-0c9d6f1b1c01
03-09 15:06:39.782 25126 25126 D PresenceDiscovery: TARGET_MATCH addr=74:45:74:C9:9A:03 rssi=-57 uuids=7d3a2d6b-9b7a-4f2a-9e5e-0c9d6f1b1c01
03-09 15:06:39.813 25126 25126 D PresenceDiscovery: TARGET_MATCH addr=7D:2B:ED:9F:FD:23 rssi=-54 uuids=7d3a2d6b-9b7a-4f2a-9e5e-0c9d6f1b1c01
03-09 15:06:39.813 25126 25126 E PresenceDiscovery: PP_DISCOVERY TARGET_MATCH addr=7D:2B:ED:9F:FD:23 name=null rssi=-54 uuids=7d3a2d6b-9b7a-4f2a-9e5e-0c9d6f1b1c01
03-09 15:06:40.043 25126 25126 D PresenceDiscovery: TARGET_MATCH addr=74:45:74:C9:9A:03 rssi=-57 uuids=7d3a2d6b-9b7a-4f2a-9e5e-0c9d6f1b1c01
03-09 15:06:40.217 25126 25126 D PresenceDiscovery: TARGET_MATCH addr=74:45:74:C9:9A:03 rssi=-56 uuids=7d3a2d6b-9b7a-4f2a-9e5e-0c9d6f1b1c01
03-09 15:06:40.250 25126 25126 D PresenceDiscovery: TARGET_MATCH addr=7D:2B:ED:9F:FD:23 rssi=-56 uuids=7d3a2d6b-9b7a-4f2a-9e5e-0c9d6f1b1c01
03-09 15:06:40.330 25126 25126 D PresenceDiscovery: TARGET_MATCH addr=74:45:74:C9:9A:03 rssi=-56 uuids=7d3a2d6b-9b7a-4f2a-9e5e-0c9d6f1b1c01
03-09 15:06:40.504 25126 25126 D PresenceDiscovery: TARGET_MATCH addr=7D:2B:ED:9F:FD:23 rssi=-62 uuids=7d3a2d6b-9b7a-4f2a-9e5e-0c9d6f1b1c01
03-09 15:06:40.548 27846 30553 D PresenceGatt: HELLO_ACCEPTED addr=46:EC:F6:75:E0:90 bytes=4
03-09 15:06:40.548 27846 30553 D PresenceGatt: HELLO_RX addr=46:EC:F6:75:E0:90 bytes=4
03-09 15:06:40.554 27846 30553 D PresenceGatt: REPLY_ENVELOPE_TX addr=46:EC:F6:75:E0:90 text=reply=UlBMMQ==;deviceBEphemeralKey=MFkwEwYHKoZIzj0CAQYIKoZIzj0DAQcDQgAExBcbS8lcJDdUs2PNq2ZmbtD6fVVNJAfCeNxBad80AFN+4cLJx0fxWfpPIuWmnigehu5vsofthJ7n/5OSTa4IuQ==;deviceBSignature=MEQCIA727swvOqKXSaZNSGyizLI+7MWSnI9UcwtOjtLv4+7gAiALn3GDlj1qywjgWHxtKwivs54ztybRIcq5gAON9Mt+RA==
03-09 15:06:40.558 27846 30553 D PresenceGatt: REPLY_TX addr=46:EC:F6:75:E0:90 ok=true bytes=273
03-09 15:06:40.568 25126 25126 D PresenceDiscovery: TARGET_MATCH addr=74:45:74:C9:9A:03 rssi=-57 uuids=7d3a2d6b-9b7a-4f2a-9e5e-0c9d6f1b1c01
03-09 15:06:40.698 25126 25126 D PresenceDiscovery: TARGET_MATCH addr=74:45:74:C9:9A:03 rssi=-57 uuids=7d3a2d6b-9b7a-4f2a-9e5e-0c9d6f1b1c01
03-09 15:06:41.227 25126 25126 D PresenceDiscovery: TARGET_MATCH addr=7D:2B:ED:9F:FD:23 rssi=-58 uuids=7d3a2d6b-9b7a-4f2a-9e5e-0c9d6f1b1c01
03-09 15:06:41.535 25126 25126 D PresenceDiscovery: TARGET_MATCH addr=74:45:74:C9:9A:03 rssi=-58 uuids=7d3a2d6b-9b7a-4f2a-9e5e-0c9d6f1b1c01
03-09 15:06:41.766 25126 25126 D PresenceDiscovery: TARGET_MATCH addr=74:45:74:C9:9A:03 rssi=-58 uuids=7d3a2d6b-9b7a-4f2a-9e5e-0c9d6f1b1c01
03-09 15:06:42.007 25126 25126 D PresenceDiscovery: TARGET_MATCH addr=74:45:74:C9:9A:03 rssi=-57 uuids=7d3a2d6b-9b7a-4f2a-9e5e-0c9d6f1b1c01
03-09 15:06:42.195 25126 25126 D PresenceDiscovery: TARGET_MATCH addr=7D:2B:ED:9F:FD:23 rssi=-57 uuids=7d3a2d6b-9b7a-4f2a-9e5e-0c9d6f1b1c01
03-09 15:06:42.245 25126 25126 D PresenceDiscovery: TARGET_MATCH addr=74:45:74:C9:9A:03 rssi=-57 uuids=7d3a2d6b-9b7a-4f2a-9e5e-0c9d6f1b1c01
03-09 15:06:42.446 27846 27860 D PresenceGatt: HELLO_GLOBAL_THROTTLED addr=4D:9A:D7:54:85:42 bytes=4 ageMs=1899 cooldownMs=15000
03-09 15:06:42.857 25126 25126 D PresenceDiscovery: TARGET_MATCH addr=7D:2B:ED:9F:FD:23 rssi=-57 uuids=7d3a2d6b-9b7a-4f2a-9e5e-0c9d6f1b1c01
03-09 15:06:43.272 25126 25126 D PresenceDiscovery: TARGET_MATCH addr=7D:2B:ED:9F:FD:23 rssi=-57 uuids=7d3a2d6b-9b7a-4f2a-9e5e-0c9d6f1b1c01
03-09 15:06:43.395 25126 25126 D PresenceDiscovery: TARGET_MATCH addr=7D:2B:ED:9F:FD:23 rssi=-57 uuids=7d3a2d6b-9b7a-4f2a-9e5e-0c9d6f1b1c01
03-09 15:06:43.510 25126 25126 D PresenceDiscovery: TARGET_MATCH addr=7D:2B:ED:9F:FD:23 rssi=-57 uuids=7d3a2d6b-9b7a-4f2a-9e5e-0c9d6f1b1c01
03-09 15:06:43.512 27846 27846 D PresenceDiscovery: TARGET_MATCH addr=7D:2B:ED:9F:FD:23 rssi=-57 uuids=7d3a2d6b-9b7a-4f2a-9e5e-0c9d6f1b1c01
03-09 15:06:43.512 27846 27846 E PresenceDiscovery: PP_DISCOVERY TARGET_MATCH addr=7D:2B:ED:9F:FD:23 name=null rssi=-57 uuids=7d3a2d6b-9b7a-4f2a-9e5e-0c9d6f1b1c01
03-09 15:06:43.541 25126 25126 D PresenceDiscovery: TARGET_MATCH addr=74:45:74:C9:9A:03 rssi=-57 uuids=7d3a2d6b-9b7a-4f2a-9e5e-0c9d6f1b1c01
03-09 15:06:43.542 27846 27846 D PresenceDiscovery: TARGET_MATCH addr=74:45:74:C9:9A:03 rssi=-57 uuids=7d3a2d6b-9b7a-4f2a-9e5e-0c9d6f1b1c01
03-09 15:06:43.542 27846 27846 E PresenceDiscovery: PP_DISCOVERY TARGET_MATCH addr=74:45:74:C9:9A:03 name=Galaxy A17 rssi=-57 uuids=7d3a2d6b-9b7a-4f2a-9e5e-0c9d6f1b1c01
03-09 15:06:43.632 25126 25126 D PresenceDiscovery: TARGET_MATCH addr=7D:2B:ED:9F:FD:23 rssi=-57 uuids=7d3a2d6b-9b7a-4f2a-9e5e-0c9d6f1b1c01
03-09 15:06:43.633 27846 27846 D PresenceDiscovery: TARGET_MATCH addr=7D:2B:ED:9F:FD:23 rssi=-57 uuids=7d3a2d6b-9b7a-4f2a-9e5e-0c9d6f1b1c01
03-09 15:06:43.749 25126 25126 D PresenceDiscovery: TARGET_MATCH addr=7D:2B:ED:9F:FD:23 rssi=-57 uuids=7d3a2d6b-9b7a-4f2a-9e5e-0c9d6f1b1c01
03-09 15:06:43.751 27846 27846 D PresenceDiscovery: TARGET_MATCH addr=7D:2B:ED:9F:FD:23 rssi=-57 uuids=7d3a2d6b-9b7a-4f2a-9e5e-0c9d6f1b1c01
03-09 15:06:43.990 25126 25126 D PresenceDiscovery: TARGET_MATCH addr=7D:2B:ED:9F:FD:23 rssi=-57 uuids=7d3a2d6b-9b7a-4f2a-9e5e-0c9d6f1b1c01
03-09 15:06:43.992 27846 27846 D PresenceDiscovery: TARGET_MATCH addr=7D:2B:ED:9F:FD:23 rssi=-57 uuids=7d3a2d6b-9b7a-4f2a-9e5e-0c9d6f1b1c01
03-09 15:06:44.113 25126 25126 D PresenceDiscovery: TARGET_MATCH addr=7D:2B:ED:9F:FD:23 rssi=-57 uuids=7d3a2d6b-9b7a-4f2a-9e5e-0c9d6f1b1c01
03-09 15:06:44.113 27846 27846 D PresenceDiscovery: TARGET_MATCH addr=7D:2B:ED:9F:FD:23 rssi=-57 uuids=7d3a2d6b-9b7a-4f2a-9e5e-0c9d6f1b1c01
03-09 15:06:44.492 25126 25126 D PresenceDiscovery: TARGET_MATCH addr=7D:2B:ED:9F:FD:23 rssi=-57 uuids=7d3a2d6b-9b7a-4f2a-9e5e-0c9d6f1b1c01
03-09 15:06:44.494 27846 27846 D PresenceDiscovery: TARGET_MATCH addr=7D:2B:ED:9F:FD:23 rssi=-57 uuids=7d3a2d6b-9b7a-4f2a-9e5e-0c9d6f1b1c01
03-09 15:06:45.028 25126 25126 D PresenceDiscovery: TARGET_MATCH addr=74:45:74:C9:9A:03 rssi=-58 uuids=7d3a2d6b-9b7a-4f2a-9e5e-0c9d6f1b1c01
03-09 15:06:45.029 27846 27846 D PresenceDiscovery: TARGET_MATCH addr=74:45:74:C9:9A:03 rssi=-58 uuids=7d3a2d6b-9b7a-4f2a-9e5e-0c9d6f1b1c01
03-09 15:06:45.276 25126 25126 D PresenceDiscovery: TARGET_MATCH addr=7D:2B:ED:9F:FD:23 rssi=-58 uuids=7d3a2d6b-9b7a-4f2a-9e5e-0c9d6f1b1c01
03-09 15:06:45.278 27846 27846 D PresenceDiscovery: TARGET_MATCH addr=7D:2B:ED:9F:FD:23 rssi=-58 uuids=7d3a2d6b-9b7a-4f2a-9e5e-0c9d6f1b1c01
03-09 15:06:45.439 25126 25126 D PresenceDiscovery: TARGET_MATCH addr=74:45:74:C9:9A:03 rssi=-58 uuids=7d3a2d6b-9b7a-4f2a-9e5e-0c9d6f1b1c01
03-09 15:06:45.439 27846 27846 D PresenceDiscovery: TARGET_MATCH addr=74:45:74:C9:9A:03 rssi=-58 uuids=7d3a2d6b-9b7a-4f2a-9e5e-0c9d6f1b1c01
03-09 15:06:45.562 25126 25126 D PresenceDiscovery: TARGET_MATCH addr=74:45:74:C9:9A:03 rssi=-59 uuids=7d3a2d6b-9b7a-4f2a-9e5e-0c9d6f1b1c01
03-09 15:06:45.563 27846 27846 D PresenceDiscovery: TARGET_MATCH addr=74:45:74:C9:9A:03 rssi=-59 uuids=7d3a2d6b-9b7a-4f2a-9e5e-0c9d6f1b1c01
03-09 15:06:45.804 25126 25126 D PresenceDiscovery: TARGET_MATCH addr=7D:2B:ED:9F:FD:23 rssi=-57 uuids=7d3a2d6b-9b7a-4f2a-9e5e-0c9d6f1b1c01
03-09 15:06:45.806 27846 27846 D PresenceDiscovery: TARGET_MATCH addr=7D:2B:ED:9F:FD:23 rssi=-57 uuids=7d3a2d6b-9b7a-4f2a-9e5e-0c9d6f1b1c01
03-09 15:06:45.979 25126 25126 D PresenceDiscovery: TARGET_MATCH addr=74:45:74:C9:9A:03 rssi=-57 uuids=7d3a2d6b-9b7a-4f2a-9e5e-0c9d6f1b1c01
03-09 15:06:45.983 27846 27846 D PresenceDiscovery: TARGET_MATCH addr=74:45:74:C9:9A:03 rssi=-57 uuids=7d3a2d6b-9b7a-4f2a-9e5e-0c9d6f1b1c01
03-09 15:06:46.103 25126 25126 D PresenceDiscovery: TARGET_MATCH addr=74:45:74:C9:9A:03 rssi=-58 uuids=7d3a2d6b-9b7a-4f2a-9e5e-0c9d6f1b1c01
03-09 15:06:46.103 27846 27846 D PresenceDiscovery: TARGET_MATCH addr=74:45:74:C9:9A:03 rssi=-58 uuids=7d3a2d6b-9b7a-4f2a-9e5e-0c9d6f1b1c01
03-09 15:06:46.504 25126 25126 D PresenceDiscovery: TARGET_MATCH addr=7D:2B:ED:9F:FD:23 rssi=-58 uuids=7d3a2d6b-9b7a-4f2a-9e5e-0c9d6f1b1c01
03-09 15:06:46.510 27846 27846 D PresenceDiscovery: TARGET_MATCH addr=7D:2B:ED:9F:FD:23 rssi=-58 uuids=7d3a2d6b-9b7a-4f2a-9e5e-0c9d6f1b1c01
03-09 15:06:46.516 27846 27846 D PresenceDiscovery: TARGET_MATCH addr=74:45:74:C9:9A:03 rssi=-58 uuids=7d3a2d6b-9b7a-4f2a-9e5e-0c9d6f1b1c01
03-09 15:06:46.520 25126 25126 D PresenceDiscovery: TARGET_MATCH addr=74:45:74:C9:9A:03 rssi=-58 uuids=7d3a2d6b-9b7a-4f2a-9e5e-0c9d6f1b1c01
03-09 15:06:46.892 25126 25126 D PresenceDiscovery: TARGET_MATCH addr=7D:2B:ED:9F:FD:23 rssi=-58 uuids=7d3a2d6b-9b7a-4f2a-9e5e-0c9d6f1b1c01
03-09 15:06:46.895 27846 27846 D PresenceDiscovery: TARGET_MATCH addr=7D:2B:ED:9F:FD:23 rssi=-58 uuids=7d3a2d6b-9b7a-4f2a-9e5e-0c9d6f1b1c01
03-09 15:06:47.054 25126 25126 D PresenceDiscovery: TARGET_MATCH addr=74:45:74:C9:9A:03 rssi=-58 uuids=7d3a2d6b-9b7a-4f2a-9e5e-0c9d6f1b1c01
03-09 15:06:47.054 27846 27846 D PresenceDiscovery: TARGET_MATCH addr=74:45:74:C9:9A:03 rssi=-58 uuids=7d3a2d6b-9b7a-4f2a-9e5e-0c9d6f1b1c01
03-09 15:06:47.853 25126 25126 D PresenceDiscovery: TARGET_MATCH addr=7D:2B:ED:9F:FD:23 rssi=-58 uuids=7d3a2d6b-9b7a-4f2a-9e5e-0c9d6f1b1c01
03-09 15:06:47.854 27846 27846 D PresenceDiscovery: TARGET_MATCH addr=7D:2B:ED:9F:FD:23 rssi=-58 uuids=7d3a2d6b-9b7a-4f2a-9e5e-0c9d6f1b1c01
03-09 15:06:47.973 25126 25126 D PresenceDiscovery: TARGET_MATCH addr=7D:2B:ED:9F:FD:23 rssi=-58 uuids=7d3a2d6b-9b7a-4f2a-9e5e-0c9d6f1b1c01
03-09 15:06:47.973 27846 27846 D PresenceDiscovery: TARGET_MATCH addr=7D:2B:ED:9F:FD:23 rssi=-58 uuids=7d3a2d6b-9b7a-4f2a-9e5e-0c9d6f1b1c01
03-09 15:06:48.137 25126 25126 D PresenceDiscovery: TARGET_MATCH addr=74:45:74:C9:9A:03 rssi=-58 uuids=7d3a2d6b-9b7a-4f2a-9e5e-0c9d6f1b1c01
03-09 15:06:48.138 27846 27846 D PresenceDiscovery: TARGET_MATCH addr=74:45:74:C9:9A:03 rssi=-58 uuids=7d3a2d6b-9b7a-4f2a-9e5e-0c9d6f1b1c01
03-09 15:06:48.243 25126 25126 D PresenceDiscovery: TARGET_MATCH addr=7D:2B:ED:9F:FD:23 rssi=-59 uuids=7d3a2d6b-9b7a-4f2a-9e5e-0c9d6f1b1c01
03-09 15:06:48.244 27846 27846 D PresenceDiscovery: TARGET_MATCH addr=7D:2B:ED:9F:FD:23 rssi=-59 uuids=7d3a2d6b-9b7a-4f2a-9e5e-0c9d6f1b1c01
03-09 15:06:48.655 25126 25126 D PresenceDiscovery: TARGET_MATCH addr=7D:2B:ED:9F:FD:23 rssi=-58 uuids=7d3a2d6b-9b7a-4f2a-9e5e-0c9d6f1b1c01
03-09 15:06:48.656 27846 27846 D PresenceDiscovery: TARGET_MATCH addr=7D:2B:ED:9F:FD:23 rssi=-58 uuids=7d3a2d6b-9b7a-4f2a-9e5e-0c9d6f1b1c01
03-09 15:06:48.670 25126 25126 D PresenceDiscovery: TARGET_MATCH addr=74:45:74:C9:9A:03 rssi=-58 uuids=7d3a2d6b-9b7a-4f2a-9e5e-0c9d6f1b1c01
03-09 15:06:48.671 27846 27846 D PresenceDiscovery: TARGET_MATCH addr=74:45:74:C9:9A:03 rssi=-58 uuids=7d3a2d6b-9b7a-4f2a-9e5e-0c9d6f1b1c01
03-09 15:06:48.945 27846 27846 D PresenceDiscovery: TARGET_MATCH addr=74:45:74:C9:9A:03 rssi=-58 uuids=7d3a2d6b-9b7a-4f2a-9e5e-0c9d6f1b1c01
03-09 15:06:49.206 27846 27846 D PresenceDiscovery: TARGET_MATCH addr=74:45:74:C9:9A:03 rssi=-58 uuids=7d3a2d6b-9b7a-4f2a-9e5e-0c9d6f1b1c01
03-09 15:06:49.462 27846 27846 D PresenceDiscovery: TARGET_MATCH addr=7D:2B:ED:9F:FD:23 rssi=-58 uuids=7d3a2d6b-9b7a-4f2a-9e5e-0c9d6f1b1c01
03-09 15:06:49.478 27846 27846 D PresenceDiscovery: TARGET_MATCH addr=74:45:74:C9:9A:03 rssi=-58 uuids=7d3a2d6b-9b7a-4f2a-9e5e-0c9d6f1b1c01
03-09 15:06:50.019 27846 27846 D PresenceDiscovery: TARGET_MATCH addr=74:45:74:C9:9A:03 rssi=-59 uuids=7d3a2d6b-9b7a-4f2a-9e5e-0c9d6f1b1c01
03-09 15:06:50.133 27846 27846 D PresenceDiscovery: TARGET_MATCH addr=7D:2B:ED:9F:FD:23 rssi=-58 uuids=7d3a2d6b-9b7a-4f2a-9e5e-0c9d6f1b1c01
03-09 15:06:50.142 27846 27846 D PresenceDiscovery: TARGET_MATCH addr=74:45:74:C9:9A:03 rssi=-59 uuids=7d3a2d6b-9b7a-4f2a-9e5e-0c9d6f1b1c01
03-09 15:06:50.294 27846 27846 D PresenceDiscovery: TARGET_MATCH addr=74:45:74:C9:9A:03 rssi=-51 uuids=7d3a2d6b-9b7a-4f2a-9e5e-0c9d6f1b1c01
03-09 15:06:50.417 27846 27846 D PresenceDiscovery: TARGET_MATCH addr=74:45:74:C9:9A:03 rssi=-52 uuids=7d3a2d6b-9b7a-4f2a-9e5e-0c9d6f1b1c01
03-09 15:06:52.297 27846 27846 D PresenceDiscovery: TARGET_MATCH addr=7D:2B:ED:9F:FD:23 rssi=-53 uuids=7d3a2d6b-9b7a-4f2a-9e5e-0c9d6f1b1c01
03-09 15:06:52.317 27846 27846 D PresenceDiscovery: TARGET_MATCH addr=74:45:74:C9:9A:03 rssi=-53 uuids=7d3a2d6b-9b7a-4f2a-9e5e-0c9d6f1b1c01
03-09 15:06:52.407 27846 27846 D PresenceDiscovery: TARGET_MATCH addr=7D:2B:ED:9F:FD:23 rssi=-53 uuids=7d3a2d6b-9b7a-4f2a-9e5e-0c9d6f1b1c01
03-09 15:06:54.131 27846 27846 D PresenceDiscovery: TARGET_MATCH addr=74:45:74:C9:9A:03 rssi=-58 uuids=7d3a2d6b-9b7a-4f2a-9e5e-0c9d6f1b1c01
03-09 15:06:54.199 27846 27846 D PresenceDiscovery: TARGET_MATCH addr=7D:2B:ED:9F:FD:23 rssi=-59 uuids=7d3a2d6b-9b7a-4f2a-9e5e-0c9d6f1b1c01
03-09 15:06:55.924 27846 27846 D PresenceDiscovery: TARGET_MATCH addr=74:45:74:C9:9A:03 rssi=-49 uuids=7d3a2d6b-9b7a-4f2a-9e5e-0c9d6f1b1c01
03-09 15:06:56.049 27846 27846 D PresenceDiscovery: TARGET_MATCH addr=74:45:74:C9:9A:03 rssi=-52 uuids=7d3a2d6b-9b7a-4f2a-9e5e-0c9d6f1b1c01
03-09 15:06:56.123 27846 27846 D PresenceDiscovery: TARGET_MATCH addr=7D:2B:ED:9F:FD:23 rssi=-49 uuids=7d3a2d6b-9b7a-4f2a-9e5e-0c9d6f1b1c01
03-09 15:06:56.165 27846 27846 D PresenceDiscovery: TARGET_MATCH addr=74:45:74:C9:9A:03 rssi=-52 uuids=7d3a2d6b-9b7a-4f2a-9e5e-0c9d6f1b1c01
03-09 15:06:57.931 27846 27846 D PresenceDiscovery: TARGET_MATCH addr=7D:2B:ED:9F:FD:23 rssi=-53 uuids=7d3a2d6b-9b7a-4f2a-9e5e-0c9d6f1b1c01
03-09 15:06:57.967 27846 27846 D PresenceDiscovery: TARGET_MATCH addr=74:45:74:C9:9A:03 rssi=-54 uuids=7d3a2d6b-9b7a-4f2a-9e5e-0c9d6f1b1c01
03-09 15:07:33.913 25126 25126 D PresenceDiscovery: TARGET_MATCH addr=74:45:74:C9:9A:03 rssi=-57 uuids=7d3a2d6b-9b7a-4f2a-9e5e-0c9d6f1b1c01
03-09 15:07:33.913 25126 25126 E PresenceDiscovery: PP_DISCOVERY TARGET_MATCH addr=74:45:74:C9:9A:03 name=Galaxy A17 rssi=-57 uuids=7d3a2d6b-9b7a-4f2a-9e5e-0c9d6f1b1c01
03-09 15:07:34.034 25126 25126 D PresenceDiscovery: TARGET_MATCH addr=74:45:74:C9:9A:03 rssi=-57 uuids=7d3a2d6b-9b7a-4f2a-9e5e-0c9d6f1b1c01
03-09 15:07:34.283 25126 25126 D PresenceDiscovery: TARGET_MATCH addr=74:45:74:C9:9A:03 rssi=-57 uuids=7d3a2d6b-9b7a-4f2a-9e5e-0c9d6f1b1c01
03-09 15:07:34.414 25126 25126 D PresenceDiscovery: TARGET_MATCH addr=7D:2B:ED:9F:FD:23 rssi=-56 uuids=7d3a2d6b-9b7a-4f2a-9e5e-0c9d6f1b1c01
03-09 15:07:34.414 25126 25126 E PresenceDiscovery: PP_DISCOVERY TARGET_MATCH addr=7D:2B:ED:9F:FD:23 name=null rssi=-56 uuids=7d3a2d6b-9b7a-4f2a-9e5e-0c9d6f1b1c01
03-09 15:07:34.436 25126 25126 D PresenceDiscovery: TARGET_MATCH addr=74:45:74:C9:9A:03 rssi=-55 uuids=7d3a2d6b-9b7a-4f2a-9e5e-0c9d6f1b1c01
03-09 15:07:34.545 25126 25126 D PresenceDiscovery: TARGET_MATCH addr=7D:2B:ED:9F:FD:23 rssi=-55 uuids=7d3a2d6b-9b7a-4f2a-9e5e-0c9d6f1b1c01
03-09 15:07:34.562 25126 25126 D PresenceDiscovery: TARGET_MATCH addr=74:45:74:C9:9A:03 rssi=-56 uuids=7d3a2d6b-9b7a-4f2a-9e5e-0c9d6f1b1c01
03-09 15:07:34.662 25126 25146 D PresenceGattClient: REPLY_RX addr=74:45:74:C9:9A:03 bytes=20
03-09 15:07:34.669 25126 25146 E PresenceHandshake: PP_HANDSHAKE HANDSHAKE_COMPLETE peer=74:45:74:C9:9A:03
03-09 15:07:34.672 25126 25126 D PresenceDiscovery: TARGET_MATCH addr=7D:2B:ED:9F:FD:23 rssi=-54 uuids=7d3a2d6b-9b7a-4f2a-9e5e-0c9d6f1b1c01
03-09 15:07:34.676 25126 25146 E PresenceHandshake: PP_HANDSHAKE DEVICE_B_SIGNATURE peer=74:45:74:C9:9A:03 value=MEUCIBdvV8D0YoM0HL7xm+LokNGtL17RQ5jSnQYSTaFhPCUMAiEAyuy1S8K1o19lPFcegqHparGxAuOLhrwD5amugE/ZN+g=
03-09 15:07:34.677 25126 25146 E PresenceHandshake: PP_TICKET GENERATED encounterId=5a015c0c-8d65-498a-900b-59e3e260c86d peer=74:45:74:C9:9A:03
03-09 15:07:34.678 25126 25146 E PresenceHandshake: PP_TICKET JSON {"encounterId":"5a015c0c-8d65-498a-900b-59e3e260c86d","deviceAEphemeralKey":"MFkwEwYHKoZIzj0CAQYIKoZIzj0DAQcDQgAEfIkO1rfEePJ3+xIMC6+TRJWP4R58vWcWNkCcbry0TDOkLce9jLebYah3hgo5APec6uFPHsRiYw5UhHWhTjILvg==","deviceBEphemeralKey":"74:45:74:C9:9A:03","helloHash":"63f84d22578dee1427958c15da9e8ee320b693de0966031c30bb18ff6f093664","replyHash":"7c03b6b0eb613bc68e3954a13f1dc88a4d09135a82c53cbf65c1261ea8f831dd","handshakeTimestamp":1773022054677,"nonce":"d9ee544f-06b1-41ae-8d1a-c1a82e861dd2","protocolVersion":"presence_v1","appVersion":"0.1-both","deviceASignature":"MEQCIBIu34pPax5nYxCAGYJ1+9+3F800IpvkmG9C27iorN5oAiBvIM4SVM7kXXqAMNuCK/MVwLUWGw3zp3OsgPNAjhDTrQ==","deviceBSignature":"MEUCIBdvV8D0YoM0HL7xm+LokNGtL17RQ5jSnQYSTaFhPCUMAiEAyuy1S8K1o19lPFcegqHparGxAuOLhrwD5amugE/ZN+g="}
03-09 15:07:34.684 25126 25126 D PresenceDiscovery: TARGET_MATCH addr=74:45:74:C9:9A:03 rssi=-56 uuids=7d3a2d6b-9b7a-4f2a-9e5e-0c9d6f1b1c01
03-09 15:07:34.815 25126 25126 D PresenceDiscovery: TARGET_MATCH addr=74:45:74:C9:9A:03 rssi=-54 uuids=7d3a2d6b-9b7a-4f2a-9e5e-0c9d6f1b1c01
03-09 15:07:34.938 25126 25126 D PresenceDiscovery: TARGET_MATCH addr=74:45:74:C9:9A:03 rssi=-57 uuids=7d3a2d6b-9b7a-4f2a-9e5e-0c9d6f1b1c01
03-09 15:07:35.030 25126 25126 D PresenceDiscovery: TARGET_MATCH addr=7D:2B:ED:9F:FD:23 rssi=-56 uuids=7d3a2d6b-9b7a-4f2a-9e5e-0c9d6f1b1c01
03-09 15:07:35.056 25126 25126 D PresenceDiscovery: TARGET_MATCH addr=74:45:74:C9:9A:03 rssi=-57 uuids=7d3a2d6b-9b7a-4f2a-9e5e-0c9d6f1b1c01
03-09 15:07:35.397 25126 25126 D PresenceDiscovery: TARGET_MATCH addr=7D:2B:ED:9F:FD:23 rssi=-57 uuids=7d3a2d6b-9b7a-4f2a-9e5e-0c9d6f1b1c01
03-09 15:07:35.516 25126 25126 D PresenceDiscovery: TARGET_MATCH addr=7D:2B:ED:9F:FD:23 rssi=-57 uuids=7d3a2d6b-9b7a-4f2a-9e5e-0c9d6f1b1c01
03-09 15:07:35.531 25126 25126 D PresenceDiscovery: TARGET_MATCH addr=74:45:74:C9:9A:03 rssi=-57 uuids=7d3a2d6b-9b7a-4f2a-9e5e-0c9d6f1b1c01
03-09 15:07:35.654 25126 25126 D PresenceDiscovery: TARGET_MATCH addr=74:45:74:C9:9A:03 rssi=-55 uuids=7d3a2d6b-9b7a-4f2a-9e5e-0c9d6f1b1c01
03-09 15:07:35.761 25126 25126 D PresenceDiscovery: TARGET_MATCH addr=7D:2B:ED:9F:FD:23 rssi=-54 uuids=7d3a2d6b-9b7a-4f2a-9e5e-0c9d6f1b1c01
03-09 15:07:35.776 25126 25126 D PresenceDiscovery: TARGET_MATCH addr=74:45:74:C9:9A:03 rssi=-54 uuids=7d3a2d6b-9b7a-4f2a-9e5e-0c9d6f1b1c01
03-09 15:07:35.800 25126 25146 D PresenceGattClient: HELLO_TX addr=7D:2B:ED:9F:FD:23 status=0 bytes=4
03-09 15:07:35.869 25126 25126 D PresenceDiscovery: TARGET_MATCH addr=7D:2B:ED:9F:FD:23 rssi=-57 uuids=7d3a2d6b-9b7a-4f2a-9e5e-0c9d6f1b1c01
03-09 15:07:35.905 25126 25126 D PresenceDiscovery: TARGET_MATCH addr=74:45:74:C9:9A:03 rssi=-54 uuids=7d3a2d6b-9b7a-4f2a-9e5e-0c9d6f1b1c01
03-09 15:07:36.111 25126 25126 D PresenceDiscovery: TARGET_MATCH addr=7D:2B:ED:9F:FD:23 rssi=-54 uuids=7d3a2d6b-9b7a-4f2a-9e5e-0c9d6f1b1c01
03-09 15:07:36.143 25126 25126 D PresenceDiscovery: TARGET_MATCH addr=74:45:74:C9:9A:03 rssi=-53 uuids=7d3a2d6b-9b7a-4f2a-9e5e-0c9d6f1b1c01
03-09 15:07:36.231 25126 25126 D PresenceDiscovery: TARGET_MATCH addr=7D:2B:ED:9F:FD:23 rssi=-54 uuids=7d3a2d6b-9b7a-4f2a-9e5e-0c9d6f1b1c01
03-09 15:07:36.352 25126 25126 D PresenceDiscovery: TARGET_MATCH addr=7D:2B:ED:9F:FD:23 rssi=-56 uuids=7d3a2d6b-9b7a-4f2a-9e5e-0c9d6f1b1c01
03-09 15:07:36.389 25126 25126 D PresenceDiscovery: TARGET_MATCH addr=74:45:74:C9:9A:03 rssi=-54 uuids=7d3a2d6b-9b7a-4f2a-9e5e-0c9d6f1b1c01
03-09 15:07:36.473 25126 25126 D PresenceDiscovery: TARGET_MATCH addr=7D:2B:ED:9F:FD:23 rssi=-56 uuids=7d3a2d6b-9b7a-4f2a-9e5e-0c9d6f1b1c01
03-09 15:07:36.497 25126 25126 D PresenceDiscovery: TARGET_MATCH addr=74:45:74:C9:9A:03 rssi=-57 uuids=7d3a2d6b-9b7a-4f2a-9e5e-0c9d6f1b1c01
03-09 15:07:36.600 25126 25126 D PresenceDiscovery: TARGET_MATCH addr=7D:2B:ED:9F:FD:23 rssi=-55 uuids=7d3a2d6b-9b7a-4f2a-9e5e-0c9d6f1b1c01
03-09 15:07:36.629 25126 25126 D PresenceDiscovery: TARGET_MATCH addr=74:45:74:C9:9A:03 rssi=-55 uuids=7d3a2d6b-9b7a-4f2a-9e5e-0c9d6f1b1c01
03-09 15:07:36.723 25126 25126 D PresenceDiscovery: TARGET_MATCH addr=7D:2B:ED:9F:FD:23 rssi=-54 uuids=7d3a2d6b-9b7a-4f2a-9e5e-0c9d6f1b1c01
03-09 15:07:36.745 25126 25126 D PresenceDiscovery: TARGET_MATCH addr=74:45:74:C9:9A:03 rssi=-53 uuids=7d3a2d6b-9b7a-4f2a-9e5e-0c9d6f1b1c01
03-09 15:07:36.850 25126 25126 D PresenceDiscovery: TARGET_MATCH addr=7D:2B:ED:9F:FD:23 rssi=-52 uuids=7d3a2d6b-9b7a-4f2a-9e5e-0c9d6f1b1c01
03-09 15:07:36.863 25126 25126 D PresenceDiscovery: TARGET_MATCH addr=74:45:74:C9:9A:03 rssi=-51 uuids=7d3a2d6b-9b7a-4f2a-9e5e-0c9d6f1b1c01
03-09 15:07:36.981 25126 25126 D PresenceDiscovery: TARGET_MATCH addr=7D:2B:ED:9F:FD:23 rssi=-51 uuids=7d3a2d6b-9b7a-4f2a-9e5e-0c9d6f1b1c01
03-09 15:07:36.998 25126 25126 D PresenceDiscovery: TARGET_MATCH addr=74:45:74:C9:9A:03 rssi=-52 uuids=7d3a2d6b-9b7a-4f2a-9e5e-0c9d6f1b1c01
03-09 15:07:37.113 25126 25126 D PresenceDiscovery: TARGET_MATCH addr=74:45:74:C9:9A:03 rssi=-52 uuids=7d3a2d6b-9b7a-4f2a-9e5e-0c9d6f1b1c01
03-09 15:07:37.229 25126 25126 D PresenceDiscovery: TARGET_MATCH addr=74:45:74:C9:9A:03 rssi=-51 uuids=7d3a2d6b-9b7a-4f2a-9e5e-0c9d6f1b1c01
03-09 15:07:37.348 25126 25126 D PresenceDiscovery: TARGET_MATCH addr=7D:2B:ED:9F:FD:23 rssi=-51 uuids=7d3a2d6b-9b7a-4f2a-9e5e-0c9d6f1b1c01
03-09 15:07:37.471 25126 25126 D PresenceDiscovery: TARGET_MATCH addr=7D:2B:ED:9F:FD:23 rssi=-52 uuids=7d3a2d6b-9b7a-4f2a-9e5e-0c9d6f1b1c01
03-09 15:07:37.618 25126 25126 D PresenceDiscovery: TARGET_MATCH addr=74:45:74:C9:9A:03 rssi=-52 uuids=7d3a2d6b-9b7a-4f2a-9e5e-0c9d6f1b1c01
03-09 15:07:37.708 25126 25126 D PresenceDiscovery: TARGET_MATCH addr=7D:2B:ED:9F:FD:23 rssi=-52 uuids=7d3a2d6b-9b7a-4f2a-9e5e-0c9d6f1b1c01
03-09 15:07:37.830 25126 25126 D PresenceDiscovery: TARGET_MATCH addr=7D:2B:ED:9F:FD:23 rssi=-49 uuids=7d3a2d6b-9b7a-4f2a-9e5e-0c9d6f1b1c01
03-09 15:07:37.862 25126 25126 D PresenceDiscovery: TARGET_MATCH addr=74:45:74:C9:9A:03 rssi=-51 uuids=7d3a2d6b-9b7a-4f2a-9e5e-0c9d6f1b1c01
03-09 15:07:37.977 25126 25126 D PresenceDiscovery: TARGET_MATCH addr=74:45:74:C9:9A:03 rssi=-51 uuids=7d3a2d6b-9b7a-4f2a-9e5e-0c9d6f1b1c01
03-09 15:07:38.058 25126 25126 D PresenceDiscovery: TARGET_MATCH addr=7D:2B:ED:9F:FD:23 rssi=-51 uuids=7d3a2d6b-9b7a-4f2a-9e5e-0c9d6f1b1c01
03-09 15:07:38.095 25126 25126 D PresenceDiscovery: TARGET_MATCH addr=74:45:74:C9:9A:03 rssi=-51 uuids=7d3a2d6b-9b7a-4f2a-9e5e-0c9d6f1b1c01
03-09 15:07:38.176 25126 25126 D PresenceDiscovery: TARGET_MATCH addr=7D:2B:ED:9F:FD:23 rssi=-51 uuids=7d3a2d6b-9b7a-4f2a-9e5e-0c9d6f1b1c01
03-09 15:07:38.218 25126 25126 D PresenceDiscovery: TARGET_MATCH addr=74:45:74:C9:9A:03 rssi=-51 uuids=7d3a2d6b-9b7a-4f2a-9e5e-0c9d6f1b1c01
03-09 15:07:38.293 25126 25126 D PresenceDiscovery: TARGET_MATCH addr=7D:2B:ED:9F:FD:23 rssi=-51 uuids=7d3a2d6b-9b7a-4f2a-9e5e-0c9d6f1b1c01
03-09 15:07:38.401 25126 25126 D PresenceDiscovery: TARGET_MATCH addr=7D:2B:ED:9F:FD:23 rssi=-51 uuids=7d3a2d6b-9b7a-4f2a-9e5e-0c9d6f1b1c01
03-09 15:07:38.463 25126 25126 D PresenceDiscovery: TARGET_MATCH addr=74:45:74:C9:9A:03 rssi=-51 uuids=7d3a2d6b-9b7a-4f2a-9e5e-0c9d6f1b1c01
03-09 15:07:38.518 25126 25126 D PresenceDiscovery: TARGET_MATCH addr=7D:2B:ED:9F:FD:23 rssi=-51 uuids=7d3a2d6b-9b7a-4f2a-9e5e-0c9d6f1b1c01
03-09 15:07:38.566 25126 25126 D PresenceDiscovery: TARGET_MATCH addr=74:45:74:C9:9A:03 rssi=-51 uuids=7d3a2d6b-9b7a-4f2a-9e5e-0c9d6f1b1c01
03-09 15:07:38.669 25126 25126 D PresenceDiscovery: TARGET_MATCH addr=74:45:74:C9:9A:03 rssi=-51 uuids=7d3a2d6b-9b7a-4f2a-9e5e-0c9d6f1b1c01
03-09 15:07:38.785 25126 25126 D PresenceDiscovery: TARGET_MATCH addr=74:45:74:C9:9A:03 rssi=-51 uuids=7d3a2d6b-9b7a-4f2a-9e5e-0c9d6f1b1c01
03-09 15:07:38.996 25126 25126 D PresenceDiscovery: TARGET_MATCH addr=7D:2B:ED:9F:FD:23 rssi=-51 uuids=7d3a2d6b-9b7a-4f2a-9e5e-0c9d6f1b1c01
03-09 15:07:39.114 25126 25126 D PresenceDiscovery: TARGET_MATCH addr=7D:2B:ED:9F:FD:23 rssi=-51 uuids=7d3a2d6b-9b7a-4f2a-9e5e-0c9d6f1b1c01
03-09 15:07:39.354 25126 25126 D PresenceDiscovery: TARGET_MATCH addr=7D:2B:ED:9F:FD:23 rssi=-51 uuids=7d3a2d6b-9b7a-4f2a-9e5e-0c9d6f1b1c01
03-09 15:07:39.473 25126 25126 D PresenceDiscovery: TARGET_MATCH addr=7D:2B:ED:9F:FD:23 rssi=-51 uuids=7d3a2d6b-9b7a-4f2a-9e5e-0c9d6f1b1c01
03-09 15:07:39.598 25126 25126 D PresenceDiscovery: TARGET_MATCH addr=7D:2B:ED:9F:FD:23 rssi=-52 uuids=7d3a2d6b-9b7a-4f2a-9e5e-0c9d6f1b1c01
03-09 15:07:39.630 25126 25126 D PresenceDiscovery: TARGET_MATCH addr=74:45:74:C9:9A:03 rssi=-52 uuids=7d3a2d6b-9b7a-4f2a-9e5e-0c9d6f1b1c01
03-09 15:07:39.716 25126 25126 D PresenceDiscovery: TARGET_MATCH addr=7D:2B:ED:9F:FD:23 rssi=-49 uuids=7d3a2d6b-9b7a-4f2a-9e5e-0c9d6f1b1c01
03-09 15:07:39.749 25126 25126 D PresenceDiscovery: TARGET_MATCH addr=74:45:74:C9:9A:03 rssi=-49 uuids=7d3a2d6b-9b7a-4f2a-9e5e-0c9d6f1b1c01
03-09 15:07:39.997 25126 25126 D PresenceDiscovery: TARGET_MATCH addr=74:45:74:C9:9A:03 rssi=-51 uuids=7d3a2d6b-9b7a-4f2a-9e5e-0c9d6f1b1c01
03-09 15:07:40.095 25126 25126 D PresenceDiscovery: TARGET_MATCH addr=7D:2B:ED:9F:FD:23 rssi=-51 uuids=7d3a2d6b-9b7a-4f2a-9e5e-0c9d6f1b1c01
03-09 15:07:40.111 25126 25126 D PresenceDiscovery: TARGET_MATCH addr=74:45:74:C9:9A:03 rssi=-52 uuids=7d3a2d6b-9b7a-4f2a-9e5e-0c9d6f1b1c01
03-09 15:07:40.205 25126 25126 D PresenceDiscovery: TARGET_MATCH addr=7D:2B:ED:9F:FD:23 rssi=-49 uuids=7d3a2d6b-9b7a-4f2a-9e5e-0c9d6f1b1c01
03-09 15:07:40.324 25126 25126 D PresenceDiscovery: TARGET_MATCH addr=7D:2B:ED:9F:FD:23 rssi=-52 uuids=7d3a2d6b-9b7a-4f2a-9e5e-0c9d6f1b1c01
03-09 15:07:40.354 25126 25126 D PresenceDiscovery: TARGET_MATCH addr=74:45:74:C9:9A:03 rssi=-49 uuids=7d3a2d6b-9b7a-4f2a-9e5e-0c9d6f1b1c01
03-09 15:07:40.566 25126 25126 D PresenceDiscovery: TARGET_MATCH addr=7D:2B:ED:9F:FD:23 rssi=-52 uuids=7d3a2d6b-9b7a-4f2a-9e5e-0c9d6f1b1c01
03-09 15:07:40.599 25126 25126 D PresenceDiscovery: TARGET_MATCH addr=74:45:74:C9:9A:03 rssi=-52 uuids=7d3a2d6b-9b7a-4f2a-9e5e-0c9d6f1b1c01
03-09 15:07:40.681 25126 25126 D PresenceDiscovery: TARGET_MATCH addr=7D:2B:ED:9F:FD:23 rssi=-52 uuids=7d3a2d6b-9b7a-4f2a-9e5e-0c9d6f1b1c01
03-09 15:07:40.711 25126 25126 D PresenceDiscovery: TARGET_MATCH addr=74:45:74:C9:9A:03 rssi=-52 uuids=7d3a2d6b-9b7a-4f2a-9e5e-0c9d6f1b1c01
03-09 15:07:40.830 25126 25126 D PresenceDiscovery: TARGET_MATCH addr=74:45:74:C9:9A:03 rssi=-51 uuids=7d3a2d6b-9b7a-4f2a-9e5e-0c9d6f1b1c01
03-09 15:07:40.922 25126 25126 D PresenceDiscovery: TARGET_MATCH addr=7D:2B:ED:9F:FD:23 rssi=-52 uuids=7d3a2d6b-9b7a-4f2a-9e5e-0c9d6f1b1c01
03-09 15:07:40.953 25126 25126 D PresenceDiscovery: TARGET_MATCH addr=74:45:74:C9:9A:03 rssi=-52 uuids=7d3a2d6b-9b7a-4f2a-9e5e-0c9d6f1b1c01
03-09 15:07:41.042 25126 25126 D PresenceDiscovery: TARGET_MATCH addr=7D:2B:ED:9F:FD:23 rssi=-51 uuids=7d3a2d6b-9b7a-4f2a-9e5e-0c9d6f1b1c01
03-09 15:07:41.165 25126 25126 D PresenceDiscovery: TARGET_MATCH addr=7D:2B:ED:9F:FD:23 rssi=-49 uuids=7d3a2d6b-9b7a-4f2a-9e5e-0c9d6f1b1c01
03-09 15:07:41.189 25126 25126 D PresenceDiscovery: TARGET_MATCH addr=74:45:74:C9:9A:03 rssi=-49 uuids=7d3a2d6b-9b7a-4f2a-9e5e-0c9d6f1b1c01
03-09 15:07:41.277 25126 25126 D PresenceDiscovery: TARGET_MATCH addr=7D:2B:ED:9F:FD:23 rssi=-52 uuids=7d3a2d6b-9b7a-4f2a-9e5e-0c9d6f1b1c01
03-09 15:07:41.309 25126 25126 D PresenceDiscovery: TARGET_MATCH addr=74:45:74:C9:9A:03 rssi=-49 uuids=7d3a2d6b-9b7a-4f2a-9e5e-0c9d6f1b1c01
03-09 15:07:41.409 25126 25126 D PresenceDiscovery: TARGET_MATCH addr=7D:2B:ED:9F:FD:23 rssi=-52 uuids=7d3a2d6b-9b7a-4f2a-9e5e-0c9d6f1b1c01
03-09 15:07:41.428 25126 25126 D PresenceDiscovery: TARGET_MATCH addr=74:45:74:C9:9A:03 rssi=-52 uuids=7d3a2d6b-9b7a-4f2a-9e5e-0c9d6f1b1c01
03-09 15:07:41.526 25126 25126 D PresenceDiscovery: TARGET_MATCH addr=7D:2B:ED:9F:FD:23 rssi=-52 uuids=7d3a2d6b-9b7a-4f2a-9e5e-0c9d6f1b1c01
03-09 15:07:41.546 25126 25126 D PresenceDiscovery: TARGET_MATCH addr=74:45:74:C9:9A:03 rssi=-52 uuids=7d3a2d6b-9b7a-4f2a-9e5e-0c9d6f1b1c01
03-09 15:07:41.647 25126 25126 D PresenceDiscovery: TARGET_MATCH addr=7D:2B:ED:9F:FD:23 rssi=-52 uuids=7d3a2d6b-9b7a-4f2a-9e5e-0c9d6f1b1c01
03-09 15:07:41.682 25126 25126 D PresenceDiscovery: TARGET_MATCH addr=74:45:74:C9:9A:03 rssi=-51 uuids=7d3a2d6b-9b7a-4f2a-9e5e-0c9d6f1b1c01
03-09 15:07:41.763 25126 25126 D PresenceDiscovery: TARGET_MATCH addr=7D:2B:ED:9F:FD:23 rssi=-51 uuids=7d3a2d6b-9b7a-4f2a-9e5e-0c9d6f1b1c01
03-09 15:07:41.916 25126 25126 D PresenceDiscovery: TARGET_MATCH addr=74:45:74:C9:9A:03 rssi=-51 uuids=7d3a2d6b-9b7a-4f2a-9e5e-0c9d6f1b1c01
03-09 15:07:42.009 25126 25126 D PresenceDiscovery: TARGET_MATCH addr=7D:2B:ED:9F:FD:23 rssi=-50 uuids=7d3a2d6b-9b7a-4f2a-9e5e-0c9d6f1b1c01
03-09 15:07:42.040 25126 25126 D PresenceDiscovery: TARGET_MATCH addr=74:45:74:C9:9A:03 rssi=-50 uuids=7d3a2d6b-9b7a-4f2a-9e5e-0c9d6f1b1c01
03-09 15:07:42.127 25126 25126 D PresenceDiscovery: TARGET_MATCH addr=7D:2B:ED:9F:FD:23 rssi=-50 uuids=7d3a2d6b-9b7a-4f2a-9e5e-0c9d6f1b1c01
03-09 15:07:42.164 25126 25126 D PresenceDiscovery: TARGET_MATCH addr=74:45:74:C9:9A:03 rssi=-50 uuids=7d3a2d6b-9b7a-4f2a-9e5e-0c9d6f1b1c01
03-09 15:07:42.244 25126 25126 D PresenceDiscovery: TARGET_MATCH addr=7D:2B:ED:9F:FD:23 rssi=-51 uuids=7d3a2d6b-9b7a-4f2a-9e5e-0c9d6f1b1c01
03-09 15:07:42.290 25126 25126 D PresenceDiscovery: TARGET_MATCH addr=74:45:74:C9:9A:03 rssi=-51 uuids=7d3a2d6b-9b7a-4f2a-9e5e-0c9d6f1b1c01
03-09 15:07:42.362 25126 25126 D PresenceDiscovery: TARGET_MATCH addr=7D:2B:ED:9F:FD:23 rssi=-51 uuids=7d3a2d6b-9b7a-4f2a-9e5e-0c9d6f1b1c01
03-09 15:07:42.407 25126 25126 D PresenceDiscovery: TARGET_MATCH addr=74:45:74:C9:9A:03 rssi=-51 uuids=7d3a2d6b-9b7a-4f2a-9e5e-0c9d6f1b1c01
03-09 15:07:42.486 25126 25126 D PresenceDiscovery: TARGET_MATCH addr=7D:2B:ED:9F:FD:23 rssi=-51 uuids=7d3a2d6b-9b7a-4f2a-9e5e-0c9d6f1b1c01
03-09 15:07:42.525 25126 25126 D PresenceDiscovery: TARGET_MATCH addr=74:45:74:C9:9A:03 rssi=-51 uuids=7d3a2d6b-9b7a-4f2a-9e5e-0c9d6f1b1c01
03-09 15:07:42.610 25126 25126 D PresenceDiscovery: TARGET_MATCH addr=7D:2B:ED:9F:FD:23 rssi=-51 uuids=7d3a2d6b-9b7a-4f2a-9e5e-0c9d6f1b1c01
03-09 15:07:42.644 25126 25126 D PresenceDiscovery: TARGET_MATCH addr=74:45:74:C9:9A:03 rssi=-51 uuids=7d3a2d6b-9b7a-4f2a-9e5e-0c9d6f1b1c01
03-09 15:07:42.760 25126 25126 D PresenceDiscovery: TARGET_MATCH addr=74:45:74:C9:9A:03 rssi=-49 uuids=7d3a2d6b-9b7a-4f2a-9e5e-0c9d6f1b1c01
03-09 15:07:42.835 25126 25126 D PresenceDiscovery: TARGET_MATCH addr=7D:2B:ED:9F:FD:23 rssi=-51 uuids=7d3a2d6b-9b7a-4f2a-9e5e-0c9d6f1b1c01
03-09 15:07:42.884 25126 25126 D PresenceDiscovery: TARGET_MATCH addr=74:45:74:C9:9A:03 rssi=-51 uuids=7d3a2d6b-9b7a-4f2a-9e5e-0c9d6f1b1c01
03-09 15:07:42.960 25126 25126 D PresenceDiscovery: TARGET_MATCH addr=7D:2B:ED:9F:FD:23 rssi=-51 uuids=7d3a2d6b-9b7a-4f2a-9e5e-0c9d6f1b1c01
03-09 15:07:43.253 25126 25126 D PresenceDiscovery: TARGET_MATCH addr=74:45:74:C9:9A:03 rssi=-55 uuids=7d3a2d6b-9b7a-4f2a-9e5e-0c9d6f1b1c01
03-09 15:07:43.326 25126 25126 D PresenceDiscovery: TARGET_MATCH addr=7D:2B:ED:9F:FD:23 rssi=-55 uuids=7d3a2d6b-9b7a-4f2a-9e5e-0c9d6f1b1c01
03-09 15:07:43.363 25126 25126 D PresenceDiscovery: TARGET_MATCH addr=74:45:74:C9:9A:03 rssi=-56 uuids=7d3a2d6b-9b7a-4f2a-9e5e-0c9d6f1b1c01
03-09 15:07:43.445 25126 25126 D PresenceDiscovery: TARGET_MATCH addr=7D:2B:ED:9F:FD:23 rssi=-56 uuids=7d3a2d6b-9b7a-4f2a-9e5e-0c9d6f1b1c01
03-09 15:07:43.482 25126 25126 D PresenceDiscovery: TARGET_MATCH addr=74:45:74:C9:9A:03 rssi=-55 uuids=7d3a2d6b-9b7a-4f2a-9e5e-0c9d6f1b1c01
03-09 15:07:43.576 25126 25126 D PresenceDiscovery: TARGET_MATCH addr=7D:2B:ED:9F:FD:23 rssi=-55 uuids=7d3a2d6b-9b7a-4f2a-9e5e-0c9d6f1b1c01
03-09 15:07:43.602 25126 25126 D PresenceDiscovery: TARGET_MATCH addr=74:45:74:C9:9A:03 rssi=-56 uuids=7d3a2d6b-9b7a-4f2a-9e5e-0c9d6f1b1c01
03-09 15:07:43.602 27846 27846 D PresenceDiscovery: TARGET_MATCH addr=74:45:74:C9:9A:03 rssi=-56 uuids=7d3a2d6b-9b7a-4f2a-9e5e-0c9d6f1b1c01
03-09 15:07:43.602 27846 27846 E PresenceDiscovery: PP_DISCOVERY TARGET_MATCH addr=74:45:74:C9:9A:03 name=Galaxy A17 rssi=-56 uuids=7d3a2d6b-9b7a-4f2a-9e5e-0c9d6f1b1c01
03-09 15:07:43.718 25126 25126 D PresenceDiscovery: TARGET_MATCH addr=74:45:74:C9:9A:03 rssi=-56 uuids=7d3a2d6b-9b7a-4f2a-9e5e-0c9d6f1b1c01
03-09 15:07:43.718 27846 27846 D PresenceDiscovery: TARGET_MATCH addr=74:45:74:C9:9A:03 rssi=-56 uuids=7d3a2d6b-9b7a-4f2a-9e5e-0c9d6f1b1c01
03-09 15:07:43.812 25126 25126 D PresenceDiscovery: TARGET_MATCH addr=7D:2B:ED:9F:FD:23 rssi=-55 uuids=7d3a2d6b-9b7a-4f2a-9e5e-0c9d6f1b1c01
03-09 15:07:43.813 27846 27846 D PresenceDiscovery: TARGET_MATCH addr=7D:2B:ED:9F:FD:23 rssi=-55 uuids=7d3a2d6b-9b7a-4f2a-9e5e-0c9d6f1b1c01
03-09 15:07:43.813 27846 27846 E PresenceDiscovery: PP_DISCOVERY TARGET_MATCH addr=7D:2B:ED:9F:FD:23 name=Galaxy A17 rssi=-55 uuids=7d3a2d6b-9b7a-4f2a-9e5e-0c9d6f1b1c01
03-09 15:07:43.846 25126 25126 D PresenceDiscovery: TARGET_MATCH addr=74:45:74:C9:9A:03 rssi=-56 uuids=7d3a2d6b-9b7a-4f2a-9e5e-0c9d6f1b1c01
03-09 15:07:43.847 27846 27846 D PresenceDiscovery: TARGET_MATCH addr=74:45:74:C9:9A:03 rssi=-56 uuids=7d3a2d6b-9b7a-4f2a-9e5e-0c9d6f1b1c01
03-09 15:07:43.936 25126 25126 D PresenceDiscovery: TARGET_MATCH addr=7D:2B:ED:9F:FD:23 rssi=-56 uuids=7d3a2d6b-9b7a-4f2a-9e5e-0c9d6f1b1c01
03-09 15:07:43.936 27846 27846 D PresenceDiscovery: TARGET_MATCH addr=7D:2B:ED:9F:FD:23 rssi=-56 uuids=7d3a2d6b-9b7a-4f2a-9e5e-0c9d6f1b1c01
03-09 15:07:44.082 25126 25126 D PresenceDiscovery: TARGET_MATCH addr=74:45:74:C9:9A:03 rssi=-56 uuids=7d3a2d6b-9b7a-4f2a-9e5e-0c9d6f1b1c01
03-09 15:07:44.085 27846 27846 D PresenceDiscovery: TARGET_MATCH addr=74:45:74:C9:9A:03 rssi=-56 uuids=7d3a2d6b-9b7a-4f2a-9e5e-0c9d6f1b1c01
03-09 15:07:44.202 27846 27846 D PresenceDiscovery: TARGET_MATCH addr=74:45:74:C9:9A:03 rssi=-56 uuids=7d3a2d6b-9b7a-4f2a-9e5e-0c9d6f1b1c01
03-09 15:07:44.202 25126 25126 D PresenceDiscovery: TARGET_MATCH addr=74:45:74:C9:9A:03 rssi=-56 uuids=7d3a2d6b-9b7a-4f2a-9e5e-0c9d6f1b1c01
03-09 15:07:44.295 25126 25126 D PresenceDiscovery: TARGET_MATCH addr=7D:2B:ED:9F:FD:23 rssi=-56 uuids=7d3a2d6b-9b7a-4f2a-9e5e-0c9d6f1b1c01
03-09 15:07:44.296 27846 27846 D PresenceDiscovery: TARGET_MATCH addr=7D:2B:ED:9F:FD:23 rssi=-56 uuids=7d3a2d6b-9b7a-4f2a-9e5e-0c9d6f1b1c01
03-09 15:07:44.320 25126 25126 D PresenceDiscovery: TARGET_MATCH addr=74:45:74:C9:9A:03 rssi=-56 uuids=7d3a2d6b-9b7a-4f2a-9e5e-0c9d6f1b1c01
03-09 15:07:44.322 27846 27846 D PresenceDiscovery: TARGET_MATCH addr=74:45:74:C9:9A:03 rssi=-56 uuids=7d3a2d6b-9b7a-4f2a-9e5e-0c9d6f1b1c01
03-09 15:07:44.441 25126 25126 D PresenceDiscovery: TARGET_MATCH addr=74:45:74:C9:9A:03 rssi=-56 uuids=7d3a2d6b-9b7a-4f2a-9e5e-0c9d6f1b1c01
03-09 15:07:44.441 27846 27846 D PresenceDiscovery: TARGET_MATCH addr=74:45:74:C9:9A:03 rssi=-56 uuids=7d3a2d6b-9b7a-4f2a-9e5e-0c9d6f1b1c01
03-09 15:07:44.530 25126 25126 D PresenceDiscovery: TARGET_MATCH addr=7D:2B:ED:9F:FD:23 rssi=-54 uuids=7d3a2d6b-9b7a-4f2a-9e5e-0c9d6f1b1c01
03-09 15:07:44.531 27846 27846 D PresenceDiscovery: TARGET_MATCH addr=7D:2B:ED:9F:FD:23 rssi=-54 uuids=7d3a2d6b-9b7a-4f2a-9e5e-0c9d6f1b1c01
03-09 15:07:44.562 25126 25126 D PresenceDiscovery: TARGET_MATCH addr=74:45:74:C9:9A:03 rssi=-56 uuids=7d3a2d6b-9b7a-4f2a-9e5e-0c9d6f1b1c01
03-09 15:07:44.563 27846 27846 D PresenceDiscovery: TARGET_MATCH addr=74:45:74:C9:9A:03 rssi=-56 uuids=7d3a2d6b-9b7a-4f2a-9e5e-0c9d6f1b1c01
03-09 15:07:44.680 25126 25126 D PresenceDiscovery: TARGET_MATCH addr=74:45:74:C9:9A:03 rssi=-54 uuids=7d3a2d6b-9b7a-4f2a-9e5e-0c9d6f1b1c01
03-09 15:07:44.680 27846 27846 D PresenceDiscovery: TARGET_MATCH addr=74:45:74:C9:9A:03 rssi=-54 uuids=7d3a2d6b-9b7a-4f2a-9e5e-0c9d6f1b1c01
03-09 15:07:44.773 27846 27846 D PresenceDiscovery: TARGET_MATCH addr=7D:2B:ED:9F:FD:23 rssi=-54 uuids=7d3a2d6b-9b7a-4f2a-9e5e-0c9d6f1b1c01
03-09 15:07:44.773 25126 25126 D PresenceDiscovery: TARGET_MATCH addr=7D:2B:ED:9F:FD:23 rssi=-54 uuids=7d3a2d6b-9b7a-4f2a-9e5e-0c9d6f1b1c01
03-09 15:07:44.795 25126 25126 D PresenceDiscovery: TARGET_MATCH addr=74:45:74:C9:9A:03 rssi=-54 uuids=7d3a2d6b-9b7a-4f2a-9e5e-0c9d6f1b1c01
03-09 15:07:44.797 27846 27846 D PresenceDiscovery: TARGET_MATCH addr=74:45:74:C9:9A:03 rssi=-54 uuids=7d3a2d6b-9b7a-4f2a-9e5e-0c9d6f1b1c01
03-09 15:07:44.898 25126 25126 D PresenceDiscovery: TARGET_MATCH addr=7D:2B:ED:9F:FD:23 rssi=-57 uuids=7d3a2d6b-9b7a-4f2a-9e5e-0c9d6f1b1c01
03-09 15:07:44.898 27846 27846 D PresenceDiscovery: TARGET_MATCH addr=7D:2B:ED:9F:FD:23 rssi=-57 uuids=7d3a2d6b-9b7a-4f2a-9e5e-0c9d6f1b1c01
03-09 15:07:45.019 25126 25126 D PresenceDiscovery: TARGET_MATCH addr=7D:2B:ED:9F:FD:23 rssi=-56 uuids=7d3a2d6b-9b7a-4f2a-9e5e-0c9d6f1b1c01
03-09 15:07:45.024 27846 27846 D PresenceDiscovery: TARGET_MATCH addr=7D:2B:ED:9F:FD:23 rssi=-56 uuids=7d3a2d6b-9b7a-4f2a-9e5e-0c9d6f1b1c01
03-09 15:07:45.053 25126 25126 D PresenceDiscovery: TARGET_MATCH addr=74:45:74:C9:9A:03 rssi=-56 uuids=7d3a2d6b-9b7a-4f2a-9e5e-0c9d6f1b1c01
03-09 15:07:45.055 27846 27846 D PresenceDiscovery: TARGET_MATCH addr=74:45:74:C9:9A:03 rssi=-56 uuids=7d3a2d6b-9b7a-4f2a-9e5e-0c9d6f1b1c01
03-09 15:07:45.144 25126 25126 D PresenceDiscovery: TARGET_MATCH addr=7D:2B:ED:9F:FD:23 rssi=-55 uuids=7d3a2d6b-9b7a-4f2a-9e5e-0c9d6f1b1c01
03-09 15:07:45.145 27846 27846 D PresenceDiscovery: TARGET_MATCH addr=7D:2B:ED:9F:FD:23 rssi=-55 uuids=7d3a2d6b-9b7a-4f2a-9e5e-0c9d6f1b1c01
03-09 15:07:45.261 25126 25126 D PresenceDiscovery: TARGET_MATCH addr=7D:2B:ED:9F:FD:23 rssi=-55 uuids=7d3a2d6b-9b7a-4f2a-9e5e-0c9d6f1b1c01
03-09 15:07:45.262 27846 27846 D PresenceDiscovery: TARGET_MATCH addr=7D:2B:ED:9F:FD:23 rssi=-55 uuids=7d3a2d6b-9b7a-4f2a-9e5e-0c9d6f1b1c01
03-09 15:07:45.298 25126 25126 D PresenceDiscovery: TARGET_MATCH addr=74:45:74:C9:9A:03 rssi=-56 uuids=7d3a2d6b-9b7a-4f2a-9e5e-0c9d6f1b1c01
03-09 15:07:45.300 27846 27846 D PresenceDiscovery: TARGET_MATCH addr=74:45:74:C9:9A:03 rssi=-56 uuids=7d3a2d6b-9b7a-4f2a-9e5e-0c9d6f1b1c01
03-09 15:07:45.498 25126 25126 D PresenceDiscovery: TARGET_MATCH addr=7D:2B:ED:9F:FD:23 rssi=-54 uuids=7d3a2d6b-9b7a-4f2a-9e5e-0c9d6f1b1c01
03-09 15:07:45.504 27846 27846 D PresenceDiscovery: TARGET_MATCH addr=7D:2B:ED:9F:FD:23 rssi=-54 uuids=7d3a2d6b-9b7a-4f2a-9e5e-0c9d6f1b1c01
03-09 15:07:45.530 25126 25126 D PresenceDiscovery: TARGET_MATCH addr=74:45:74:C9:9A:03 rssi=-56 uuids=7d3a2d6b-9b7a-4f2a-9e5e-0c9d6f1b1c01
03-09 15:07:45.530 27846 27846 D PresenceDiscovery: TARGET_MATCH addr=74:45:74:C9:9A:03 rssi=-56 uuids=7d3a2d6b-9b7a-4f2a-9e5e-0c9d6f1b1c01
03-09 15:07:45.612 25126 25126 D PresenceDiscovery: TARGET_MATCH addr=7D:2B:ED:9F:FD:23 rssi=-55 uuids=7d3a2d6b-9b7a-4f2a-9e5e-0c9d6f1b1c01
03-09 15:07:45.612 27846 27846 D PresenceDiscovery: TARGET_MATCH addr=7D:2B:ED:9F:FD:23 rssi=-55 uuids=7d3a2d6b-9b7a-4f2a-9e5e-0c9d6f1b1c01
03-09 15:07:45.737 25126 25126 D PresenceDiscovery: TARGET_MATCH addr=7D:2B:ED:9F:FD:23 rssi=-56 uuids=7d3a2d6b-9b7a-4f2a-9e5e-0c9d6f1b1c01
03-09 15:07:45.737 27846 27846 D PresenceDiscovery: TARGET_MATCH addr=7D:2B:ED:9F:FD:23 rssi=-56 uuids=7d3a2d6b-9b7a-4f2a-9e5e-0c9d6f1b1c01
03-09 15:07:45.860 25126 25126 D PresenceDiscovery: TARGET_MATCH addr=7D:2B:ED:9F:FD:23 rssi=-55 uuids=7d3a2d6b-9b7a-4f2a-9e5e-0c9d6f1b1c01
03-09 15:07:45.860 27846 27846 D PresenceDiscovery: TARGET_MATCH addr=7D:2B:ED:9F:FD:23 rssi=-55 uuids=7d3a2d6b-9b7a-4f2a-9e5e-0c9d6f1b1c01
03-09 15:07:45.877 25126 25126 D PresenceDiscovery: TARGET_MATCH addr=74:45:74:C9:9A:03 rssi=-54 uuids=7d3a2d6b-9b7a-4f2a-9e5e-0c9d6f1b1c01
03-09 15:07:45.879 27846 27846 D PresenceDiscovery: TARGET_MATCH addr=74:45:74:C9:9A:03 rssi=-54 uuids=7d3a2d6b-9b7a-4f2a-9e5e-0c9d6f1b1c01
03-09 15:07:46.099 25126 25126 D PresenceDiscovery: TARGET_MATCH addr=7D:2B:ED:9F:FD:23 rssi=-58 uuids=7d3a2d6b-9b7a-4f2a-9e5e-0c9d6f1b1c01
03-09 15:07:46.100 27846 27846 D PresenceDiscovery: TARGET_MATCH addr=7D:2B:ED:9F:FD:23 rssi=-58 uuids=7d3a2d6b-9b7a-4f2a-9e5e-0c9d6f1b1c01
03-09 15:07:46.245 27846 27846 D PresenceDiscovery: TARGET_MATCH addr=74:45:74:C9:9A:03 rssi=-54 uuids=7d3a2d6b-9b7a-4f2a-9e5e-0c9d6f1b1c01
03-09 15:07:46.245 25126 25126 D PresenceDiscovery: TARGET_MATCH addr=74:45:74:C9:9A:03 rssi=-54 uuids=7d3a2d6b-9b7a-4f2a-9e5e-0c9d6f1b1c01
03-09 15:07:46.334 25126 25126 D PresenceDiscovery: TARGET_MATCH addr=7D:2B:ED:9F:FD:23 rssi=-55 uuids=7d3a2d6b-9b7a-4f2a-9e5e-0c9d6f1b1c01
03-09 15:07:46.340 27846 27846 D PresenceDiscovery: TARGET_MATCH addr=7D:2B:ED:9F:FD:23 rssi=-55 uuids=7d3a2d6b-9b7a-4f2a-9e5e-0c9d6f1b1c01
03-09 15:07:46.372 25126 25126 D PresenceDiscovery: TARGET_MATCH addr=74:45:74:C9:9A:03 rssi=-55 uuids=7d3a2d6b-9b7a-4f2a-9e5e-0c9d6f1b1c01
03-09 15:07:46.374 27846 27846 D PresenceDiscovery: TARGET_MATCH addr=74:45:74:C9:9A:03 rssi=-55 uuids=7d3a2d6b-9b7a-4f2a-9e5e-0c9d6f1b1c01
03-09 15:07:46.457 25126 25126 D PresenceDiscovery: TARGET_MATCH addr=7D:2B:ED:9F:FD:23 rssi=-55 uuids=7d3a2d6b-9b7a-4f2a-9e5e-0c9d6f1b1c01
03-09 15:07:46.459 27846 27846 D PresenceDiscovery: TARGET_MATCH addr=7D:2B:ED:9F:FD:23 rssi=-55 uuids=7d3a2d6b-9b7a-4f2a-9e5e-0c9d6f1b1c01
03-09 15:07:46.483 25126 25126 D PresenceDiscovery: TARGET_MATCH addr=74:45:74:C9:9A:03 rssi=-57 uuids=7d3a2d6b-9b7a-4f2a-9e5e-0c9d6f1b1c01
03-09 15:07:46.487 27846 27846 D PresenceDiscovery: TARGET_MATCH addr=74:45:74:C9:9A:03 rssi=-57 uuids=7d3a2d6b-9b7a-4f2a-9e5e-0c9d6f1b1c01
03-09 15:07:46.577 25126 25126 D PresenceDiscovery: TARGET_MATCH addr=7D:2B:ED:9F:FD:23 rssi=-57 uuids=7d3a2d6b-9b7a-4f2a-9e5e-0c9d6f1b1c01
03-09 15:07:46.579 27846 27846 D PresenceDiscovery: TARGET_MATCH addr=7D:2B:ED:9F:FD:23 rssi=-57 uuids=7d3a2d6b-9b7a-4f2a-9e5e-0c9d6f1b1c01
03-09 15:07:46.696 25126 25126 D PresenceDiscovery: TARGET_MATCH addr=7D:2B:ED:9F:FD:23 rssi=-56 uuids=7d3a2d6b-9b7a-4f2a-9e5e-0c9d6f1b1c01
03-09 15:07:46.696 27846 27846 D PresenceDiscovery: TARGET_MATCH addr=7D:2B:ED:9F:FD:23 rssi=-56 uuids=7d3a2d6b-9b7a-4f2a-9e5e-0c9d6f1b1c01
03-09 15:07:46.844 25126 25126 D PresenceDiscovery: TARGET_MATCH addr=74:45:74:C9:9A:03 rssi=-58 uuids=7d3a2d6b-9b7a-4f2a-9e5e-0c9d6f1b1c01
03-09 15:07:46.844 27846 27846 D PresenceDiscovery: TARGET_MATCH addr=74:45:74:C9:9A:03 rssi=-58 uuids=7d3a2d6b-9b7a-4f2a-9e5e-0c9d6f1b1c01
03-09 15:07:46.964 25126 25126 D PresenceDiscovery: TARGET_MATCH addr=74:45:74:C9:9A:03 rssi=-57 uuids=7d3a2d6b-9b7a-4f2a-9e5e-0c9d6f1b1c01
03-09 15:07:46.965 27846 27846 D PresenceDiscovery: TARGET_MATCH addr=74:45:74:C9:9A:03 rssi=-57 uuids=7d3a2d6b-9b7a-4f2a-9e5e-0c9d6f1b1c01
03-09 15:07:47.057 25126 25126 D PresenceDiscovery: TARGET_MATCH addr=7D:2B:ED:9F:FD:23 rssi=-57 uuids=7d3a2d6b-9b7a-4f2a-9e5e-0c9d6f1b1c01
03-09 15:07:47.058 27846 27846 D PresenceDiscovery: TARGET_MATCH addr=7D:2B:ED:9F:FD:23 rssi=-57 uuids=7d3a2d6b-9b7a-4f2a-9e5e-0c9d6f1b1c01
03-09 15:07:47.087 25126 25126 D PresenceDiscovery: TARGET_MATCH addr=74:45:74:C9:9A:03 rssi=-57 uuids=7d3a2d6b-9b7a-4f2a-9e5e-0c9d6f1b1c01
03-09 15:07:47.093 27846 27846 D PresenceDiscovery: TARGET_MATCH addr=74:45:74:C9:9A:03 rssi=-57 uuids=7d3a2d6b-9b7a-4f2a-9e5e-0c9d6f1b1c01
03-09 15:07:47.179 25126 25126 D PresenceDiscovery: TARGET_MATCH addr=7D:2B:ED:9F:FD:23 rssi=-55 uuids=7d3a2d6b-9b7a-4f2a-9e5e-0c9d6f1b1c01
03-09 15:07:47.181 27846 27846 D PresenceDiscovery: TARGET_MATCH addr=7D:2B:ED:9F:FD:23 rssi=-55 uuids=7d3a2d6b-9b7a-4f2a-9e5e-0c9d6f1b1c01
03-09 15:07:47.290 25126 25126 D PresenceDiscovery: TARGET_MATCH addr=7D:2B:ED:9F:FD:23 rssi=-54 uuids=7d3a2d6b-9b7a-4f2a-9e5e-0c9d6f1b1c01
03-09 15:07:47.290 27846 27846 D PresenceDiscovery: TARGET_MATCH addr=7D:2B:ED:9F:FD:23 rssi=-54 uuids=7d3a2d6b-9b7a-4f2a-9e5e-0c9d6f1b1c01
03-09 15:07:47.441 25126 25126 D PresenceDiscovery: TARGET_MATCH addr=74:45:74:C9:9A:03 rssi=-56 uuids=7d3a2d6b-9b7a-4f2a-9e5e-0c9d6f1b1c01
03-09 15:07:47.442 27846 27846 D PresenceDiscovery: TARGET_MATCH addr=74:45:74:C9:9A:03 rssi=-56 uuids=7d3a2d6b-9b7a-4f2a-9e5e-0c9d6f1b1c01
03-09 15:07:47.563 25126 25126 D PresenceDiscovery: TARGET_MATCH addr=74:45:74:C9:9A:03 rssi=-55 uuids=7d3a2d6b-9b7a-4f2a-9e5e-0c9d6f1b1c01
03-09 15:07:47.563 27846 27846 D PresenceDiscovery: TARGET_MATCH addr=74:45:74:C9:9A:03 rssi=-55 uuids=7d3a2d6b-9b7a-4f2a-9e5e-0c9d6f1b1c01
03-09 15:07:47.657 25126 25126 D PresenceDiscovery: TARGET_MATCH addr=7D:2B:ED:9F:FD:23 rssi=-55 uuids=7d3a2d6b-9b7a-4f2a-9e5e-0c9d6f1b1c01
03-09 15:07:47.658 27846 27846 D PresenceDiscovery: TARGET_MATCH addr=7D:2B:ED:9F:FD:23 rssi=-55 uuids=7d3a2d6b-9b7a-4f2a-9e5e-0c9d6f1b1c01
03-09 15:07:47.808 25126 25126 D PresenceDiscovery: TARGET_MATCH addr=74:45:74:C9:9A:03 rssi=-55 uuids=7d3a2d6b-9b7a-4f2a-9e5e-0c9d6f1b1c01
03-09 15:07:47.809 27846 27846 D PresenceDiscovery: TARGET_MATCH addr=74:45:74:C9:9A:03 rssi=-55 uuids=7d3a2d6b-9b7a-4f2a-9e5e-0c9d6f1b1c01
03-09 15:07:48.042 25126 25126 D PresenceDiscovery: TARGET_MATCH addr=74:45:74:C9:9A:03 rssi=-55 uuids=7d3a2d6b-9b7a-4f2a-9e5e-0c9d6f1b1c01
03-09 15:07:48.043 27846 27846 D PresenceDiscovery: TARGET_MATCH addr=74:45:74:C9:9A:03 rssi=-55 uuids=7d3a2d6b-9b7a-4f2a-9e5e-0c9d6f1b1c01
03-09 15:07:48.259 25126 25126 D PresenceDiscovery: TARGET_MATCH addr=7D:2B:ED:9F:FD:23 rssi=-55 uuids=7d3a2d6b-9b7a-4f2a-9e5e-0c9d6f1b1c01
03-09 15:07:48.260 27846 27846 D PresenceDiscovery: TARGET_MATCH addr=7D:2B:ED:9F:FD:23 rssi=-55 uuids=7d3a2d6b-9b7a-4f2a-9e5e-0c9d6f1b1c01
03-09 15:07:48.291 25126 25126 D PresenceDiscovery: TARGET_MATCH addr=74:45:74:C9:9A:03 rssi=-56 uuids=7d3a2d6b-9b7a-4f2a-9e5e-0c9d6f1b1c01
03-09 15:07:48.292 27846 27846 D PresenceDiscovery: TARGET_MATCH addr=74:45:74:C9:9A:03 rssi=-56 uuids=7d3a2d6b-9b7a-4f2a-9e5e-0c9d6f1b1c01
03-09 15:07:48.408 25126 25126 D PresenceDiscovery: TARGET_MATCH addr=74:45:74:C9:9A:03 rssi=-56 uuids=7d3a2d6b-9b7a-4f2a-9e5e-0c9d6f1b1c01
03-09 15:07:48.412 27846 27846 D PresenceDiscovery: TARGET_MATCH addr=74:45:74:C9:9A:03 rssi=-56 uuids=7d3a2d6b-9b7a-4f2a-9e5e-0c9d6f1b1c01
03-09 15:07:48.494 27846 27846 D PresenceDiscovery: TARGET_MATCH addr=7D:2B:ED:9F:FD:23 rssi=-59 uuids=7d3a2d6b-9b7a-4f2a-9e5e-0c9d6f1b1c01
03-09 15:07:48.495 25126 25126 D PresenceDiscovery: TARGET_MATCH addr=7D:2B:ED:9F:FD:23 rssi=-59 uuids=7d3a2d6b-9b7a-4f2a-9e5e-0c9d6f1b1c01
03-09 15:07:48.613 25126 25126 D PresenceDiscovery: TARGET_MATCH addr=7D:2B:ED:9F:FD:23 rssi=-55 uuids=7d3a2d6b-9b7a-4f2a-9e5e-0c9d6f1b1c01
03-09 15:07:48.614 27846 27846 D PresenceDiscovery: TARGET_MATCH addr=7D:2B:ED:9F:FD:23 rssi=-55 uuids=7d3a2d6b-9b7a-4f2a-9e5e-0c9d6f1b1c01
03-09 15:07:48.636 25126 25126 D PresenceDiscovery: TARGET_MATCH addr=74:45:74:C9:9A:03 rssi=-55 uuids=7d3a2d6b-9b7a-4f2a-9e5e-0c9d6f1b1c01
03-09 15:07:48.637 27846 27846 D PresenceDiscovery: TARGET_MATCH addr=74:45:74:C9:9A:03 rssi=-55 uuids=7d3a2d6b-9b7a-4f2a-9e5e-0c9d6f1b1c01
03-09 15:07:48.742 25126 25126 D PresenceDiscovery: TARGET_MATCH addr=7D:2B:ED:9F:FD:23 rssi=-55 uuids=7d3a2d6b-9b7a-4f2a-9e5e-0c9d6f1b1c01
03-09 15:07:48.742 27846 27846 D PresenceDiscovery: TARGET_MATCH addr=7D:2B:ED:9F:FD:23 rssi=-55 uuids=7d3a2d6b-9b7a-4f2a-9e5e-0c9d6f1b1c01
03-09 15:07:48.871 27846 27846 D PresenceDiscovery: TARGET_MATCH addr=7D:2B:ED:9F:FD:23 rssi=-57 uuids=7d3a2d6b-9b7a-4f2a-9e5e-0c9d6f1b1c01
03-09 15:07:48.890 27846 27846 D PresenceDiscovery: TARGET_MATCH addr=74:45:74:C9:9A:03 rssi=-54 uuids=7d3a2d6b-9b7a-4f2a-9e5e-0c9d6f1b1c01
03-09 15:07:49.128 27846 27846 D PresenceDiscovery: TARGET_MATCH addr=74:45:74:C9:9A:03 rssi=-55 uuids=7d3a2d6b-9b7a-4f2a-9e5e-0c9d6f1b1c01
03-09 15:07:49.347 27846 27846 D PresenceDiscovery: TARGET_MATCH addr=7D:2B:ED:9F:FD:23 rssi=-51 uuids=7d3a2d6b-9b7a-4f2a-9e5e-0c9d6f1b1c01
03-09 15:07:49.370 27846 27846 D PresenceDiscovery: TARGET_MATCH addr=74:45:74:C9:9A:03 rssi=-51 uuids=7d3a2d6b-9b7a-4f2a-9e5e-0c9d6f1b1c01
03-09 15:07:49.468 27846 27846 D PresenceDiscovery: TARGET_MATCH addr=7D:2B:ED:9F:FD:23 rssi=-51 uuids=7d3a2d6b-9b7a-4f2a-9e5e-0c9d6f1b1c01
03-09 15:07:49.600 27846 27846 D PresenceDiscovery: TARGET_MATCH addr=74:45:74:C9:9A:03 rssi=-51 uuids=7d3a2d6b-9b7a-4f2a-9e5e-0c9d6f1b1c01
03-09 15:07:51.193 27846 27846 D PresenceDiscovery: TARGET_MATCH addr=74:45:74:C9:9A:03 rssi=-55 uuids=7d3a2d6b-9b7a-4f2a-9e5e-0c9d6f1b1c01
03-09 15:07:51.336 27846 27846 D PresenceDiscovery: TARGET_MATCH addr=74:45:74:C9:9A:03 rssi=-57 uuids=7d3a2d6b-9b7a-4f2a-9e5e-0c9d6f1b1c01
03-09 15:07:53.125 27846 27846 D PresenceDiscovery: TARGET_MATCH addr=74:45:74:C9:9A:03 rssi=-55 uuids=7d3a2d6b-9b7a-4f2a-9e5e-0c9d6f1b1c01
03-09 15:07:53.295 27846 27846 D PresenceDiscovery: TARGET_MATCH addr=7D:2B:ED:9F:FD:23 rssi=-54 uuids=7d3a2d6b-9b7a-4f2a-9e5e-0c9d6f1b1c01
03-09 15:07:55.005 27846 27846 D PresenceDiscovery: TARGET_MATCH addr=7D:2B:ED:9F:FD:23 rssi=-53 uuids=7d3a2d6b-9b7a-4f2a-9e5e-0c9d6f1b1c01
03-09 15:07:55.062 27846 27846 D PresenceDiscovery: TARGET_MATCH addr=74:45:74:C9:9A:03 rssi=-50 uuids=7d3a2d6b-9b7a-4f2a-9e5e-0c9d6f1b1c01
03-09 15:07:55.124 27846 27846 D PresenceDiscovery: TARGET_MATCH addr=7D:2B:ED:9F:FD:23 rssi=-52 uuids=7d3a2d6b-9b7a-4f2a-9e5e-0c9d6f1b1c01
03-09 15:07:55.181 27846 27846 D PresenceDiscovery: TARGET_MATCH addr=74:45:74:C9:9A:03 rssi=-52 uuids=7d3a2d6b-9b7a-4f2a-9e5e-0c9d6f1b1c01
03-09 15:07:56.749 27846 27846 D PresenceDiscovery: TARGET_MATCH addr=74:45:74:C9:9A:03 rssi=-54 uuids=7d3a2d6b-9b7a-4f2a-9e5e-0c9d6f1b1c01
03-09 15:07:56.803 27846 27846 D PresenceDiscovery: TARGET_MATCH addr=7D:2B:ED:9F:FD:23 rssi=-54 uuids=7d3a2d6b-9b7a-4f2a-9e5e-0c9d6f1b1c01
03-09 15:07:56.869 27846 27846 D PresenceDiscovery: TARGET_MATCH addr=74:45:74:C9:9A:03 rssi=-56 uuids=7d3a2d6b-9b7a-4f2a-9e5e-0c9d6f1b1c01
03-09 15:07:56.928 27846 27846 D PresenceDiscovery: TARGET_MATCH addr=7D:2B:ED:9F:FD:23 rssi=-56 uuids=7d3a2d6b-9b7a-4f2a-9e5e-0c9d6f1b1c01
03-09 15:07:56.979 27846 27846 D PresenceDiscovery: TARGET_MATCH addr=74:45:74:C9:9A:03 rssi=-56 uuids=7d3a2d6b-9b7a-4f2a-9e5e-0c9d6f1b1c01
