02-24 10:17:46.388  7902  7902 D PresenceGatt: GattServer addService ok=true service=7d3a2d6b-9b7a-4f2a-9e5e-0c9d6f1b1c01
02-24 10:17:46.388  7902  7902 D PresenceGatt: Presence GATT server started
02-24 10:18:12.919  2871  2871 W [MCFServer]_McfSubscriberBleBehavior(C8): onConnectionStateChange - Null handover target
02-24 10:18:12.937  7902  7981 D PresenceGatt: onConnectionStateChange device=46:98:92:64:35:42 status=0 newState=2
02-24 10:18:28.897  2871  2871 W [MCFServer]_McfSubscriberBleBehavior(C8): onConnectionStateChange - Null handover target
02-24 10:18:28.902  7902  7981 D PresenceGatt: onConnectionStateChange device=46:98:92:64:35:42 status=0 newState=0
02-24 10:19:43.451  2871  2871 W [MCFServer]_McfSubscriberBleBehavior(C8): onConnectionStateChange - Null handover target
02-24 10:19:43.454  7902  7981 D PresenceGatt: onConnectionStateChange device=6D:BB:E9:50:FF:CC status=0 newState=2
02-24 10:19:48.608  2871  2871 W [MCFServer]_McfSubscriberBleBehavior(C8): onConnectionStateChange - Null handover target
02-24 10:19:48.612  7902  7981 D PresenceGatt: onConnectionStateChange device=6D:BB:E9:50:FF:CC status=0 newState=0
02-24 10:19:54.003  2871  2871 W [MCFServer]_McfSubscriberBleBehavior(C8): onConnectionStateChange - Null handover target
02-24 10:19:54.007  7902  7981 D PresenceGatt: onConnectionStateChange device=43:AF:BD:7E:55:91 status=0 newState=2
02-24 10:19:59.045  2871  2871 W [MCFServer]_McfSubscriberBleBehavior(C8): onConnectionStateChange - Null handover target
02-24 10:19:59.051  7902  7981 D PresenceGatt: onConnectionStateChange device=43:AF:BD:7E:55:91 status=0 newState=0
02-24 10:26:23.594  7902  7902 D PresenceGatt: Presence GATT server stopped
02-24 10:26:24.155  7902  7902 D PresenceGatt: GattServer addService ok=true service=7d3a2d6b-9b7a-4f2a-9e5e-0c9d6f1b1c01
02-24 10:26:24.155  7902  7902 D PresenceGatt: Presence GATT server started
02-24 10:48:49.423  7902  7902 D PresenceGatt: Presence GATT server stopped
02-24 10:48:50.024  7902  7902 D PresenceGatt: GattServer addService ok=true service=7d3a2d6b-9b7a-4f2a-9e5e-0c9d6f1b1c01
02-24 10:48:50.024  7902  7902 D PresenceGatt: Presence GATT server started
02-24 10:56:08.892  7902  7902 D PresenceGatt: Presence GATT server stopped
02-24 10:56:09.941  7902  7902 D PresenceGatt: GattServer addService ok=true service=7d3a2d6b-9b7a-4f2a-9e5e-0c9d6f1b1c01
02-24 10:56:09.941  7902  7902 D PresenceGatt: Presence GATT server started
